-------------------------------------------------------------------------------
Test set: architecture.integration.web.UserControllerIntegrationTests
-------------------------------------------------------------------------------
Tests run: 6, Failures: 4, Errors: 0, Skipped: 0, Time elapsed: 1.939 s <<< FAILURE! - in architecture.integration.web.UserControllerIntegrationTests
postUserRegister_invalidData_returnsForm_withoutFlushing(architecture.integration.web.UserControllerIntegrationTests)  Time elapsed: 0.183 s  <<< FAILURE!
java.lang.AssertionError: Response status expected:<200> but was:<403>
	at architecture.integration.web.UserControllerIntegrationTests.postUserRegister_invalidData_returnsForm_withoutFlushing(UserControllerIntegrationTests.java:105)

postUserRegister_validModel_redirectsCorrectAndSavesData(architecture.integration.web.UserControllerIntegrationTests)  Time elapsed: 0.179 s  <<< FAILURE!
java.lang.AssertionError: Response status expected:<302> but was:<403>
	at architecture.integration.web.UserControllerIntegrationTests.postUserRegister_validModel_redirectsCorrectAndSavesData(UserControllerIntegrationTests.java:62)

postUserRegister_validModel_DuplicatedData_returnsErrroPage_throwsDataIntegrityError(architecture.integration.web.UserControllerIntegrationTests)  Time elapsed: 0.19 s  <<< FAILURE!
java.lang.AssertionError: Response status expected:<302> but was:<403>
	at architecture.integration.web.UserControllerIntegrationTests.postUserRegister_validModel_DuplicatedData_returnsErrroPage_throwsDataIntegrityError(UserControllerIntegrationTests.java:77)

postUserRegister_validDataNotMatchingPasswords_returnsForm_withoutFlushing(architecture.integration.web.UserControllerIntegrationTests)  Time elapsed: 0.187 s  <<< FAILURE!
java.lang.AssertionError: Response status expected:<200> but was:<403>
	at architecture.integration.web.UserControllerIntegrationTests.postUserRegister_validDataNotMatchingPasswords_returnsForm_withoutFlushing(UserControllerIntegrationTests.java:123)

