-------------------------------------------------------------------------------
Test set: architecture.integration.web.AdminControllerIntegrationTests
-------------------------------------------------------------------------------
Tests run: 15, Failures: 7, Errors: 0, Skipped: 0, Time elapsed: 13.603 s <<< FAILURE! - in architecture.integration.web.AdminControllerIntegrationTests
postCreateCategory_validDataAndUser_redirectsUnauthorized(architecture.integration.web.AdminControllerIntegrationTests)  Time elapsed: 0.143 s  <<< FAILURE!
java.lang.AssertionError: Response status expected:<302> but was:<403>
	at architecture.integration.web.AdminControllerIntegrationTests.postCreateCategory_validDataAndUser_redirectsUnauthorized(AdminControllerIntegrationTests.java:119)

postCreateCategory_validDataAndAnonymous_redirectsLogin(architecture.integration.web.AdminControllerIntegrationTests)  Time elapsed: 0.127 s  <<< FAILURE!
java.lang.AssertionError: Response status expected:<302> but was:<403>
	at architecture.integration.web.AdminControllerIntegrationTests.postCreateCategory_validDataAndAnonymous_redirectsLogin(AdminControllerIntegrationTests.java:105)

postCreateCategory_validDataAndAdmin_returnsCorrectView_andSavesData(architecture.integration.web.AdminControllerIntegrationTests)  Time elapsed: 0.311 s  <<< FAILURE!
java.lang.AssertionError: Response status expected:<302> but was:<403>
	at architecture.integration.web.AdminControllerIntegrationTests.postCreateCategory_validDataAndAdmin_returnsCorrectView_andSavesData(AdminControllerIntegrationTests.java:88)

putEditNonexistentCategory_validDataAndAdmin_returnsForm(architecture.integration.web.AdminControllerIntegrationTests)  Time elapsed: 0.506 s  <<< FAILURE!
java.lang.AssertionError: Response status expected:<200> but was:<403>
	at architecture.integration.web.AdminControllerIntegrationTests.putEditNonexistentCategory_validDataAndAdmin_returnsForm(AdminControllerIntegrationTests.java:220)

postCreateCategory_invalidDataAndAdmin_returnsForm(architecture.integration.web.AdminControllerIntegrationTests)  Time elapsed: 0.445 s  <<< FAILURE!
java.lang.AssertionError: Response status expected:<200> but was:<403>
	at architecture.integration.web.AdminControllerIntegrationTests.postCreateCategory_invalidDataAndAdmin_returnsForm(AdminControllerIntegrationTests.java:132)

putEditCategory_validDataAndAdmin_returnsCorrectView_andUpdatesData(architecture.integration.web.AdminControllerIntegrationTests)  Time elapsed: 0.275 s  <<< FAILURE!
java.lang.AssertionError: Response status expected:<302> but was:<403>
	at architecture.integration.web.AdminControllerIntegrationTests.putEditCategory_validDataAndAdmin_returnsCorrectView_andUpdatesData(AdminControllerIntegrationTests.java:188)

putEditCategory_invalidDataAndAdmin_returnsForm(architecture.integration.web.AdminControllerIntegrationTests)  Time elapsed: 0.228 s  <<< FAILURE!
java.lang.AssertionError: Response status expected:<200> but was:<403>
	at architecture.integration.web.AdminControllerIntegrationTests.putEditCategory_invalidDataAndAdmin_returnsForm(AdminControllerIntegrationTests.java:207)

