-------------------------------------------------------------------------------
Test set: architecture.integration.web.ImageControllerIntegrationTests
-------------------------------------------------------------------------------
Tests run: 16, Failures: 11, Errors: 0, Skipped: 0, Time elapsed: 6.397 s <<< FAILURE! - in architecture.integration.web.ImageControllerIntegrationTests
putImage_withCorrectData_anonymous_redirectsLogin(architecture.integration.web.ImageControllerIntegrationTests)  Time elapsed: 0.24 s  <<< FAILURE!
java.lang.AssertionError: Range for response status value 403 expected:<REDIRECTION> but was:<CLIENT_ERROR>
	at architecture.integration.web.ImageControllerIntegrationTests.putImage_withCorrectData_anonymous_redirectsLogin(ImageControllerIntegrationTests.java:165)

putImage_withEmptyUrl_hasErrors(architecture.integration.web.ImageControllerIntegrationTests)  Time elapsed: 0.289 s  <<< FAILURE!
java.lang.AssertionError: Status expected:<200> but was:<403>
	at architecture.integration.web.ImageControllerIntegrationTests.putImage_withEmptyUrl_hasErrors(ImageControllerIntegrationTests.java:301)

putImage_withInvalidLocalImageNameKey_hasErrors(architecture.integration.web.ImageControllerIntegrationTests)  Time elapsed: 0.428 s  <<< FAILURE!
java.lang.AssertionError: Status expected:<200> but was:<403>
	at architecture.integration.web.ImageControllerIntegrationTests.putImage_withInvalidLocalImageNameKey_hasErrors(ImageControllerIntegrationTests.java:260)

putImage_withNullUrl_hasErrors(architecture.integration.web.ImageControllerIntegrationTests)  Time elapsed: 0.305 s  <<< FAILURE!
java.lang.AssertionError: Status expected:<200> but was:<403>
	at architecture.integration.web.ImageControllerIntegrationTests.putImage_withNullUrl_hasErrors(ImageControllerIntegrationTests.java:315)

putImage_withInvalidLocalImageNamesSize_hasErrors(architecture.integration.web.ImageControllerIntegrationTests)  Time elapsed: 0.29 s  <<< FAILURE!
java.lang.AssertionError: Status expected:<200> but was:<403>
	at architecture.integration.web.ImageControllerIntegrationTests.putImage_withInvalidLocalImageNamesSize_hasErrors(ImageControllerIntegrationTests.java:274)

putImage_withCorrectData_redirectsCorrectAndModifiesData(architecture.integration.web.ImageControllerIntegrationTests)  Time elapsed: 0.315 s  <<< FAILURE!
java.lang.AssertionError: Range for response status value 403 expected:<REDIRECTION> but was:<CLIENT_ERROR>
	at architecture.integration.web.ImageControllerIntegrationTests.putImage_withCorrectData_redirectsCorrectAndModifiesData(ImageControllerIntegrationTests.java:144)

putImage_withCorrectData_RoleUSER_redirectsUnauthorized(architecture.integration.web.ImageControllerIntegrationTests)  Time elapsed: 0.33 s  <<< FAILURE!
java.lang.AssertionError: Range for response status value 403 expected:<REDIRECTION> but was:<CLIENT_ERROR>
	at architecture.integration.web.ImageControllerIntegrationTests.putImage_withCorrectData_RoleUSER_redirectsUnauthorized(ImageControllerIntegrationTests.java:178)

putImage_withInvalidData_returnsEditPage(architecture.integration.web.ImageControllerIntegrationTests)  Time elapsed: 0.268 s  <<< FAILURE!
java.lang.AssertionError: Status expected:<200> but was:<403>
	at architecture.integration.web.ImageControllerIntegrationTests.putImage_withInvalidData_returnsEditPage(ImageControllerIntegrationTests.java:226)

putImage_withCorrectData_andInvalidId_returnsErrorPage(architecture.integration.web.ImageControllerIntegrationTests)  Time elapsed: 0.258 s  <<< FAILURE!
java.lang.AssertionError: Status expected:<200> but was:<403>
	at architecture.integration.web.ImageControllerIntegrationTests.putImage_withCorrectData_andInvalidId_returnsErrorPage(ImageControllerIntegrationTests.java:190)

putImage_withNullDataFields_hasErrors(architecture.integration.web.ImageControllerIntegrationTests)  Time elapsed: 0.403 s  <<< FAILURE!
java.lang.AssertionError: Status expected:<200> but was:<403>
	at architecture.integration.web.ImageControllerIntegrationTests.putImage_withNullDataFields_hasErrors(ImageControllerIntegrationTests.java:237)

putImage_withInvalidLocalImageName_hasErrors(architecture.integration.web.ImageControllerIntegrationTests)  Time elapsed: 0.331 s  <<< FAILURE!
java.lang.AssertionError: Status expected:<200> but was:<403>
	at architecture.integration.web.ImageControllerIntegrationTests.putImage_withInvalidLocalImageName_hasErrors(ImageControllerIntegrationTests.java:288)

