-------------------------------------------------------------------------------
Test set: architecture.integration.web.articles.ArticleControllerChangeCategoryIntegrationTests
-------------------------------------------------------------------------------
Tests run: 3, Failures: 3, Errors: 0, Skipped: 0, Time elapsed: 0.281 s <<< FAILURE! - in architecture.integration.web.articles.ArticleControllerChangeCategoryIntegrationTests
patch_changeCategory_withAdmin_nonexistentCategory_returnsError(architecture.integration.web.articles.ArticleControllerChangeCategoryIntegrationTests)  Time elapsed: 0.077 s  <<< FAILURE!
java.lang.AssertionError: Response status expected:<404> but was:<403>
	at architecture.integration.web.articles.ArticleControllerChangeCategoryIntegrationTests.patch_changeCategory_withAdmin_nonexistentCategory_returnsError(ArticleControllerChangeCategoryIntegrationTests.java:77)

patch_changeCategory_withAdmin_works(architecture.integration.web.articles.ArticleControllerChangeCategoryIntegrationTests)  Time elapsed: 0.097 s  <<< FAILURE!
java.lang.AssertionError: Response status expected:<202> but was:<403>
	at architecture.integration.web.articles.ArticleControllerChangeCategoryIntegrationTests.patch_changeCategory_withAdmin_works(ArticleControllerChangeCategoryIntegrationTests.java:56)

patch_changeCategory_withAdmin_nonexistentArticle_returnsError(architecture.integration.web.articles.ArticleControllerChangeCategoryIntegrationTests)  Time elapsed: 0.101 s  <<< FAILURE!
java.lang.AssertionError: Response status expected:<404> but was:<403>
	at architecture.integration.web.articles.ArticleControllerChangeCategoryIntegrationTests.patch_changeCategory_withAdmin_nonexistentArticle_returnsError(ArticleControllerChangeCategoryIntegrationTests.java:95)

