<?xml version="1.0" encoding="UTF-8"?>
<testsuite xmlns:xsi="http://www.w3.org/2001/XMLSchema-instance" xsi:noNamespaceSchemaLocation="https://maven.apache.org/surefire/maven-surefire-plugin/xsd/surefire-test-report.xsd" name="architecture.integration.web.AdminControllerIntegrationTests" time="13.603" tests="15" errors="0" skipped="0" failures="7">
  <properties>
[...]
</properties>
  <testcase name="getCategoryList_Admin_returnsCorrectView" classname="architecture.integration.web.AdminControllerIntegrationTests" time="2.676"/>
  <testcase name="getCreateCategory_Anonymous_redirectsLogin" classname="architecture.integration.web.AdminControllerIntegrationTests" time="0.161"/>
  <testcase name="getEditCategory_User_redirectsUnauthorized" classname="architecture.integration.web.AdminControllerIntegrationTests" time="0.294"/>
  <testcase name="postCreateCategory_validDataAndUser_redirectsUnauthorized" classname="architecture.integration.web.AdminControllerIntegrationTests" time="0.143">
    <failure message="Response status expected:&lt;302&gt; but was:&lt;403&gt;" type="java.lang.AssertionError"><![CDATA[java.lang.AssertionError: Response status expected:<302> but was:<403>
	at architecture.integration.web.AdminControllerIntegrationTests.postCreateCategory_validDataAndUser_redirectsUnauthorized(AdminControllerIntegrationTests.java:119)
]]></failure>
    <system-out><![CDATA[/fr/admin/category/create


MockHttpServletRequest:
      HTTP Method = POST
      Request URI = /fr/admin/category/create
       Parameters = {_csrf=[000c5d00-80b7-4991-a4d6-0b5816f9d4df]}
          Headers = [Cookie:"lang=fr", Accept-Language:"fr-fr"]
             Body = null
    Session Attrs = {org.springframework.web.servlet.support.SessionFlashMapManager.FLASH_MAPS=[FlashMap [attributes={categoryCreateModel=architecture.domain.models.bindingModels.CategoryCreateBindingModel@aa08576}, targetRequestPath=null, targetRequestParams={}]], SPRING_SECURITY_CONTEXT=org.springframework.security.core.context.SecurityContextImpl@ca25360: Authentication: org.springframework.security.authentication.UsernamePasswordAuthenticationToken@ca25360: Principal: org.springframework.security.core.userdetails.User@36ebcb: Username: user; Password: [PROTECTED]; Enabled: true; AccountNonExpired: true; credentialsNonExpired: true; AccountNonLocked: true; Granted Authorities: ROLE_USER; Credentials: [PROTECTED]; Authenticated: true; Details: null; Granted Authorities: ROLE_USER}

Handler:
             Type = null

Async:
    Async started = false
     Async result = null

Resolved Exception:
             Type = null

ModelAndView:
        View name = null
             View = null
            Model = null

FlashMap:
       Attributes = null

MockHttpServletResponse:
           Status = 403
    Error message = null
          Headers = [Content-Type:"application/json", X-Content-Type-Options:"nosniff", X-XSS-Protection:"1; mode=block", Cache-Control:"no-cache, no-store, max-age=0, must-revalidate", Pragma:"no-cache", Expires:"0", X-Frame-Options:"DENY"]
     Content type = application/json
             Body = {"message":"JWT strings must contain exactly 2 period characters. Found: 0"}
    Forwarded URL = null
   Redirected URL = null
          Cookies = []
]]></system-out>
  </testcase>
  <testcase name="postCreateCategory_validDataAndAnonymous_redirectsLogin" classname="architecture.integration.web.AdminControllerIntegrationTests" time="0.127">
    <failure message="Response status expected:&lt;302&gt; but was:&lt;403&gt;" type="java.lang.AssertionError"><![CDATA[java.lang.AssertionError: Response status expected:<302> but was:<403>
	at architecture.integration.web.AdminControllerIntegrationTests.postCreateCategory_validDataAndAnonymous_redirectsLogin(AdminControllerIntegrationTests.java:105)
]]></failure>
    <system-out><![CDATA[/fr/admin/category/create


MockHttpServletRequest:
      HTTP Method = POST
      Request URI = /fr/admin/category/create
       Parameters = {_csrf=[1cbcc74d-6edc-4232-859b-fe4ccc321928]}
          Headers = [Cookie:"lang=fr", Accept-Language:"fr-fr"]
             Body = null
    Session Attrs = {org.springframework.web.servlet.support.SessionFlashMapManager.FLASH_MAPS=[FlashMap [attributes={categoryCreateModel=architecture.domain.models.bindingModels.CategoryCreateBindingModel@668e2909}, targetRequestPath=null, targetRequestParams={}]]}

Handler:
             Type = null

Async:
    Async started = false
     Async result = null

Resolved Exception:
             Type = null

ModelAndView:
        View name = null
             View = null
            Model = null

FlashMap:
       Attributes = null

MockHttpServletResponse:
           Status = 403
    Error message = null
          Headers = [Content-Type:"application/json", X-Content-Type-Options:"nosniff", X-XSS-Protection:"1; mode=block", Cache-Control:"no-cache, no-store, max-age=0, must-revalidate", Pragma:"no-cache", Expires:"0", X-Frame-Options:"DENY"]
     Content type = application/json
             Body = {"message":"JWT strings must contain exactly 2 period characters. Found: 0"}
    Forwarded URL = null
   Redirected URL = null
          Cookies = []
]]></system-out>
  </testcase>
  <testcase name="postCreateCategory_validDataAndAdmin_returnsCorrectView_andSavesData" classname="architecture.integration.web.AdminControllerIntegrationTests" time="0.311">
    <failure message="Response status expected:&lt;302&gt; but was:&lt;403&gt;" type="java.lang.AssertionError"><![CDATA[java.lang.AssertionError: Response status expected:<302> but was:<403>
	at architecture.integration.web.AdminControllerIntegrationTests.postCreateCategory_validDataAndAdmin_returnsCorrectView_andSavesData(AdminControllerIntegrationTests.java:88)
]]></failure>
    <system-out><![CDATA[/fr/admin/category/create


MockHttpServletRequest:
      HTTP Method = POST
      Request URI = /fr/admin/category/create
       Parameters = {_csrf=[8e3a689b-5b21-49fa-9901-95bfd519e0bd]}
          Headers = [Cookie:"lang=fr", Accept-Language:"fr-fr"]
             Body = null
    Session Attrs = {org.springframework.web.servlet.support.SessionFlashMapManager.FLASH_MAPS=[FlashMap [attributes={categoryCreateModel=architecture.domain.models.bindingModels.CategoryCreateBindingModel@67331920}, targetRequestPath=null, targetRequestParams={}]], SPRING_SECURITY_CONTEXT=org.springframework.security.core.context.SecurityContextImpl@81c98b2: Authentication: org.springframework.security.authentication.UsernamePasswordAuthenticationToken@81c98b2: Principal: org.springframework.security.core.userdetails.User@36ebcb: Username: user; Password: [PROTECTED]; Enabled: true; AccountNonExpired: true; credentialsNonExpired: true; AccountNonLocked: true; Granted Authorities: ROLE_ADMIN; Credentials: [PROTECTED]; Authenticated: true; Details: null; Granted Authorities: ROLE_ADMIN}

Handler:
             Type = null

Async:
    Async started = false
     Async result = null

Resolved Exception:
             Type = null

ModelAndView:
        View name = null
             View = null
            Model = null

FlashMap:
       Attributes = null

MockHttpServletResponse:
           Status = 403
    Error message = null
          Headers = [Content-Type:"application/json", X-Content-Type-Options:"nosniff", X-XSS-Protection:"1; mode=block", Cache-Control:"no-cache, no-store, max-age=0, must-revalidate", Pragma:"no-cache", Expires:"0", X-Frame-Options:"DENY"]
     Content type = application/json
             Body = {"message":"JWT strings must contain exactly 2 period characters. Found: 0"}
    Forwarded URL = null
   Redirected URL = null
          Cookies = []
]]></system-out>
  </testcase>
  <testcase name="getListAll_Admin_returnsCorrectView" classname="architecture.integration.web.AdminControllerIntegrationTests" time="2.252"/>
  <testcase name="getEditCategory_Admin_returnsCorrectView" classname="architecture.integration.web.AdminControllerIntegrationTests" time="2.529"/>
  <testcase name="putEditNonexistentCategory_validDataAndAdmin_returnsForm" classname="architecture.integration.web.AdminControllerIntegrationTests" time="0.506">
    <failure message="Response status expected:&lt;200&gt; but was:&lt;403&gt;" type="java.lang.AssertionError"><![CDATA[java.lang.AssertionError: Response status expected:<200> but was:<403>
	at architecture.integration.web.AdminControllerIntegrationTests.putEditNonexistentCategory_validDataAndAdmin_returnsForm(AdminControllerIntegrationTests.java:220)
]]></failure>
    <system-out><![CDATA[/fr/admin/category/edit/5555


MockHttpServletRequest:
      HTTP Method = PUT
      Request URI = /fr/admin/category/edit/5555
       Parameters = {_csrf=[244a7165-eb7b-4515-a7a2-0a517e32b2f8]}
          Headers = [Cookie:"lang=fr", Accept-Language:"fr-fr"]
             Body = null
    Session Attrs = {org.springframework.web.servlet.support.SessionFlashMapManager.FLASH_MAPS=[FlashMap [attributes={categoryEditModel=architecture.domain.models.bindingModels.CategoryEditBindingModel@4a3f7bff}, targetRequestPath=null, targetRequestParams={}]], SPRING_SECURITY_CONTEXT=org.springframework.security.core.context.SecurityContextImpl@81c98b2: Authentication: org.springframework.security.authentication.UsernamePasswordAuthenticationToken@81c98b2: Principal: org.springframework.security.core.userdetails.User@36ebcb: Username: user; Password: [PROTECTED]; Enabled: true; AccountNonExpired: true; credentialsNonExpired: true; AccountNonLocked: true; Granted Authorities: ROLE_ADMIN; Credentials: [PROTECTED]; Authenticated: true; Details: null; Granted Authorities: ROLE_ADMIN}

Handler:
             Type = null

Async:
    Async started = false
     Async result = null

Resolved Exception:
             Type = null

ModelAndView:
        View name = null
             View = null
            Model = null

FlashMap:
       Attributes = null

MockHttpServletResponse:
           Status = 403
    Error message = null
          Headers = [Content-Type:"application/json", X-Content-Type-Options:"nosniff", X-XSS-Protection:"1; mode=block", Cache-Control:"no-cache, no-store, max-age=0, must-revalidate", Pragma:"no-cache", Expires:"0", X-Frame-Options:"DENY"]
     Content type = application/json
             Body = {"message":"JWT strings must contain exactly 2 period characters. Found: 0"}
    Forwarded URL = null
   Redirected URL = null
          Cookies = []
]]></system-out>
  </testcase>
  <testcase name="postCreateCategory_invalidDataAndAdmin_returnsForm" classname="architecture.integration.web.AdminControllerIntegrationTests" time="0.445">
    <failure message="Response status expected:&lt;200&gt; but was:&lt;403&gt;" type="java.lang.AssertionError"><![CDATA[java.lang.AssertionError: Response status expected:<200> but was:<403>
	at architecture.integration.web.AdminControllerIntegrationTests.postCreateCategory_invalidDataAndAdmin_returnsForm(AdminControllerIntegrationTests.java:132)
]]></failure>
    <system-out><![CDATA[/fr/admin/category/create


MockHttpServletRequest:
      HTTP Method = POST
      Request URI = /fr/admin/category/create
       Parameters = {_csrf=[ff106789-96ef-4a28-bccb-12c31705643c]}
          Headers = [Cookie:"lang=fr", Accept-Language:"fr-fr"]
             Body = null
    Session Attrs = {org.springframework.web.servlet.support.SessionFlashMapManager.FLASH_MAPS=[FlashMap [attributes={categoryCreateModel=architecture.domain.models.bindingModels.CategoryCreateBindingModel@1da41c2a}, targetRequestPath=null, targetRequestParams={}]], SPRING_SECURITY_CONTEXT=org.springframework.security.core.context.SecurityContextImpl@81c98b2: Authentication: org.springframework.security.authentication.UsernamePasswordAuthenticationToken@81c98b2: Principal: org.springframework.security.core.userdetails.User@36ebcb: Username: user; Password: [PROTECTED]; Enabled: true; AccountNonExpired: true; credentialsNonExpired: true; AccountNonLocked: true; Granted Authorities: ROLE_ADMIN; Credentials: [PROTECTED]; Authenticated: true; Details: null; Granted Authorities: ROLE_ADMIN}

Handler:
             Type = null

Async:
    Async started = false
     Async result = null

Resolved Exception:
             Type = null

ModelAndView:
        View name = null
             View = null
            Model = null

FlashMap:
       Attributes = null

MockHttpServletResponse:
           Status = 403
    Error message = null
          Headers = [Content-Type:"application/json", X-Content-Type-Options:"nosniff", X-XSS-Protection:"1; mode=block", Cache-Control:"no-cache, no-store, max-age=0, must-revalidate", Pragma:"no-cache", Expires:"0", X-Frame-Options:"DENY"]
     Content type = application/json
             Body = {"message":"JWT strings must contain exactly 2 period characters. Found: 0"}
    Forwarded URL = null
   Redirected URL = null
          Cookies = []
]]></system-out>
  </testcase>
  <testcase name="getEditCategory_Anonymous_redirectsLogin" classname="architecture.integration.web.AdminControllerIntegrationTests" time="0.178"/>
  <testcase name="getCreateCategory_Admin_returnsCorrectView" classname="architecture.integration.web.AdminControllerIntegrationTests" time="1.987"/>
  <testcase name="putEditCategory_validDataAndAdmin_returnsCorrectView_andUpdatesData" classname="architecture.integration.web.AdminControllerIntegrationTests" time="0.275">
    <failure message="Response status expected:&lt;302&gt; but was:&lt;403&gt;" type="java.lang.AssertionError"><![CDATA[java.lang.AssertionError: Response status expected:<302> but was:<403>
	at architecture.integration.web.AdminControllerIntegrationTests.putEditCategory_validDataAndAdmin_returnsCorrectView_andUpdatesData(AdminControllerIntegrationTests.java:188)
]]></failure>
    <system-out><![CDATA[/fr/admin/category/edit/10


MockHttpServletRequest:
      HTTP Method = PUT
      Request URI = /fr/admin/category/edit/10
       Parameters = {_csrf=[19c5e427-7ba9-4b5c-840b-2a5c3687367c]}
          Headers = [Cookie:"lang=fr", Accept-Language:"fr-fr"]
             Body = null
    Session Attrs = {org.springframework.web.servlet.support.SessionFlashMapManager.FLASH_MAPS=[FlashMap [attributes={categoryEditModel=architecture.domain.models.bindingModels.CategoryEditBindingModel@41556a13}, targetRequestPath=null, targetRequestParams={}]], SPRING_SECURITY_CONTEXT=org.springframework.security.core.context.SecurityContextImpl@81c98b2: Authentication: org.springframework.security.authentication.UsernamePasswordAuthenticationToken@81c98b2: Principal: org.springframework.security.core.userdetails.User@36ebcb: Username: user; Password: [PROTECTED]; Enabled: true; AccountNonExpired: true; credentialsNonExpired: true; AccountNonLocked: true; Granted Authorities: ROLE_ADMIN; Credentials: [PROTECTED]; Authenticated: true; Details: null; Granted Authorities: ROLE_ADMIN}

Handler:
             Type = null

Async:
    Async started = false
     Async result = null

Resolved Exception:
             Type = null

ModelAndView:
        View name = null
             View = null
            Model = null

FlashMap:
       Attributes = null

MockHttpServletResponse:
           Status = 403
    Error message = null
          Headers = [Content-Type:"application/json", X-Content-Type-Options:"nosniff", X-XSS-Protection:"1; mode=block", Cache-Control:"no-cache, no-store, max-age=0, must-revalidate", Pragma:"no-cache", Expires:"0", X-Frame-Options:"DENY"]
     Content type = application/json
             Body = {"message":"JWT strings must contain exactly 2 period characters. Found: 0"}
    Forwarded URL = null
   Redirected URL = null
          Cookies = []
]]></system-out>
  </testcase>
  <testcase name="putEditCategory_invalidDataAndAdmin_returnsForm" classname="architecture.integration.web.AdminControllerIntegrationTests" time="0.228">
    <failure message="Response status expected:&lt;200&gt; but was:&lt;403&gt;" type="java.lang.AssertionError"><![CDATA[java.lang.AssertionError: Response status expected:<200> but was:<403>
	at architecture.integration.web.AdminControllerIntegrationTests.putEditCategory_invalidDataAndAdmin_returnsForm(AdminControllerIntegrationTests.java:207)
]]></failure>
    <system-out><![CDATA[/fr/admin/category/edit/13


MockHttpServletRequest:
      HTTP Method = PUT
      Request URI = /fr/admin/category/edit/13
       Parameters = {_csrf=[455b6930-7e0e-483b-a091-b061b8f1c123]}
          Headers = [Cookie:"lang=fr", Accept-Language:"fr-fr"]
             Body = null
    Session Attrs = {org.springframework.web.servlet.support.SessionFlashMapManager.FLASH_MAPS=[FlashMap [attributes={categoryEditModel=architecture.domain.models.bindingModels.CategoryEditBindingModel@44dc4899}, targetRequestPath=null, targetRequestParams={}]], SPRING_SECURITY_CONTEXT=org.springframework.security.core.context.SecurityContextImpl@81c98b2: Authentication: org.springframework.security.authentication.UsernamePasswordAuthenticationToken@81c98b2: Principal: org.springframework.security.core.userdetails.User@36ebcb: Username: user; Password: [PROTECTED]; Enabled: true; AccountNonExpired: true; credentialsNonExpired: true; AccountNonLocked: true; Granted Authorities: ROLE_ADMIN; Credentials: [PROTECTED]; Authenticated: true; Details: null; Granted Authorities: ROLE_ADMIN}

Handler:
             Type = null

Async:
    Async started = false
     Async result = null

Resolved Exception:
             Type = null

ModelAndView:
        View name = null
             View = null
            Model = null

FlashMap:
       Attributes = null

MockHttpServletResponse:
           Status = 403
    Error message = null
          Headers = [Content-Type:"application/json", X-Content-Type-Options:"nosniff", X-XSS-Protection:"1; mode=block", Cache-Control:"no-cache, no-store, max-age=0, must-revalidate", Pragma:"no-cache", Expires:"0", X-Frame-Options:"DENY"]
     Content type = application/json
             Body = {"message":"JWT strings must contain exactly 2 period characters. Found: 0"}
    Forwarded URL = null
   Redirected URL = null
          Cookies = []
]]></system-out>
  </testcase>
  <testcase name="getCreateCategory_User_redirectsUnauthorized" classname="architecture.integration.web.AdminControllerIntegrationTests" time="0.278"/>
</testsuite>