<?xml version="1.0" encoding="UTF-8"?>
<testsuite xmlns:xsi="http://www.w3.org/2001/XMLSchema-instance" xsi:noNamespaceSchemaLocation="https://maven.apache.org/surefire/maven-surefire-plugin/xsd/surefire-test-report.xsd" name="architecture.integration.web.articles.ArticleControllerCreateIntegrationTests" time="2.967" tests="20" errors="2" skipped="0" failures="14">
  <properties>
[...]
</properties>
  <testcase name="post_createArticle_withInvalidData_doesNotModifyData" classname="architecture.integration.web.articles.ArticleControllerCreateIntegrationTests" time="0.113"/>
  <testcase name="post_createArticle_withTitleLessThen2_returnsForm" classname="architecture.integration.web.articles.ArticleControllerCreateIntegrationTests" time="0.093">
    <failure message="Status expected:&lt;200&gt; but was:&lt;403&gt;" type="java.lang.AssertionError"><![CDATA[java.lang.AssertionError: Status expected:<200> but was:<403>
	at architecture.integration.web.articles.ArticleControllerCreateIntegrationTests.post_createArticle_withTitleLessThen2_returnsForm(ArticleControllerCreateIntegrationTests.java:382)
]]></failure>
    <system-out><![CDATA[/fr/admin/articles/create


MockHttpServletRequest:
      HTTP Method = POST
      Request URI = /fr/admin/articles/create
       Parameters = {categoryId=[], _csrf=[a3613ad4-12ea-4a6c-bfa1-51bd3f33d0a7]}
          Headers = [Cookie:"lang=fr", Accept-Language:"fr-fr"]
             Body = null
    Session Attrs = {org.springframework.web.servlet.support.SessionFlashMapManager.FLASH_MAPS=[FlashMap [attributes={articleBinding=architecture.domain.models.bindingModels.articles.ArticleCreateBindingModel@2d359d14}, targetRequestPath=null, targetRequestParams={}]], SPRING_SECURITY_CONTEXT=org.springframework.security.core.context.SecurityContextImpl@81c98b2: Authentication: org.springframework.security.authentication.UsernamePasswordAuthenticationToken@81c98b2: Principal: org.springframework.security.core.userdetails.User@36ebcb: Username: user; Password: [PROTECTED]; Enabled: true; AccountNonExpired: true; credentialsNonExpired: true; AccountNonLocked: true; Granted Authorities: ROLE_ADMIN; Credentials: [PROTECTED]; Authenticated: true; Details: null; Granted Authorities: ROLE_ADMIN}

Handler:
             Type = null

Async:
    Async started = false
     Async result = null

Resolved Exception:
             Type = null

ModelAndView:
        View name = null
             View = null
            Model = null

FlashMap:
       Attributes = null

MockHttpServletResponse:
           Status = 403
    Error message = null
          Headers = [Content-Type:"application/json", X-Content-Type-Options:"nosniff", X-XSS-Protection:"1; mode=block", Cache-Control:"no-cache, no-store, max-age=0, must-revalidate", Pragma:"no-cache", Expires:"0", X-Frame-Options:"DENY"]
     Content type = application/json
             Body = {"message":"JWT strings must contain exactly 2 period characters. Found: 0"}
    Forwarded URL = null
   Redirected URL = null
          Cookies = []
]]></system-out>
  </testcase>
  <testcase name="post_createArticle_withValidData_AndFullImage_storesCorrect" classname="architecture.integration.web.articles.ArticleControllerCreateIntegrationTests" time="0.093">
    <error message="Index 0 out of bounds for length 0" type="java.lang.IndexOutOfBoundsException">java.lang.IndexOutOfBoundsException: Index 0 out of bounds for length 0
	at architecture.integration.web.articles.ArticleControllerCreateIntegrationTests.post_createArticle_withValidData_AndFullImage_storesCorrect(ArticleControllerCreateIntegrationTests.java:188)
</error>
    <system-out><![CDATA[/fr/admin/articles/create


MockHttpServletRequest:
      HTTP Method = POST
      Request URI = /fr/admin/articles/create
       Parameters = {categoryId=[109], _csrf=[cdc83348-a64a-4331-b16b-f625085d3c2c]}
          Headers = [Cookie:"lang=fr", Accept-Language:"fr-fr"]
             Body = null
    Session Attrs = {org.springframework.web.servlet.support.SessionFlashMapManager.FLASH_MAPS=[FlashMap [attributes={articleBinding=architecture.domain.models.bindingModels.articles.ArticleCreateBindingModel@6dd17a2}, targetRequestPath=null, targetRequestParams={}]], SPRING_SECURITY_CONTEXT=org.springframework.security.core.context.SecurityContextImpl@81c98b2: Authentication: org.springframework.security.authentication.UsernamePasswordAuthenticationToken@81c98b2: Principal: org.springframework.security.core.userdetails.User@36ebcb: Username: user; Password: [PROTECTED]; Enabled: true; AccountNonExpired: true; credentialsNonExpired: true; AccountNonLocked: true; Granted Authorities: ROLE_ADMIN; Credentials: [PROTECTED]; Authenticated: true; Details: null; Granted Authorities: ROLE_ADMIN}

Handler:
             Type = null

Async:
    Async started = false
     Async result = null

Resolved Exception:
             Type = null

ModelAndView:
        View name = null
             View = null
            Model = null

FlashMap:
       Attributes = null

MockHttpServletResponse:
           Status = 403
    Error message = null
          Headers = [Content-Type:"application/json", X-Content-Type-Options:"nosniff", X-XSS-Protection:"1; mode=block", Cache-Control:"no-cache, no-store, max-age=0, must-revalidate", Pragma:"no-cache", Expires:"0", X-Frame-Options:"DENY"]
     Content type = application/json
             Body = {"message":"JWT strings must contain exactly 2 period characters. Found: 0"}
    Forwarded URL = null
   Redirected URL = null
          Cookies = []
]]></system-out>
  </testcase>
  <testcase name="post_createArticle_withValidData_andFullImage_redirectsCorrect" classname="architecture.integration.web.articles.ArticleControllerCreateIntegrationTests" time="0.12">
    <failure message="Range for response status value 403 expected:&lt;REDIRECTION&gt; but was:&lt;CLIENT_ERROR&gt;" type="java.lang.AssertionError"><![CDATA[java.lang.AssertionError: Range for response status value 403 expected:<REDIRECTION> but was:<CLIENT_ERROR>
	at architecture.integration.web.articles.ArticleControllerCreateIntegrationTests.post_createArticle_withValidData_andFullImage_redirectsCorrect(ArticleControllerCreateIntegrationTests.java:112)
]]></failure>
    <system-out><![CDATA[/fr/admin/articles/create


MockHttpServletRequest:
      HTTP Method = POST
      Request URI = /fr/admin/articles/create
       Parameters = {categoryId=[112], _csrf=[6b68a007-58ab-4d5e-8202-e902fffe2c92]}
          Headers = [Cookie:"lang=fr", Accept-Language:"fr-fr"]
             Body = null
    Session Attrs = {org.springframework.web.servlet.support.SessionFlashMapManager.FLASH_MAPS=[FlashMap [attributes={articleBinding=architecture.domain.models.bindingModels.articles.ArticleCreateBindingModel@5a8d76ca}, targetRequestPath=null, targetRequestParams={}]], SPRING_SECURITY_CONTEXT=org.springframework.security.core.context.SecurityContextImpl@81c98b2: Authentication: org.springframework.security.authentication.UsernamePasswordAuthenticationToken@81c98b2: Principal: org.springframework.security.core.userdetails.User@36ebcb: Username: user; Password: [PROTECTED]; Enabled: true; AccountNonExpired: true; credentialsNonExpired: true; AccountNonLocked: true; Granted Authorities: ROLE_ADMIN; Credentials: [PROTECTED]; Authenticated: true; Details: null; Granted Authorities: ROLE_ADMIN}

Handler:
             Type = null

Async:
    Async started = false
     Async result = null

Resolved Exception:
             Type = null

ModelAndView:
        View name = null
             View = null
            Model = null

FlashMap:
       Attributes = null

MockHttpServletResponse:
           Status = 403
    Error message = null
          Headers = [Content-Type:"application/json", X-Content-Type-Options:"nosniff", X-XSS-Protection:"1; mode=block", Cache-Control:"no-cache, no-store, max-age=0, must-revalidate", Pragma:"no-cache", Expires:"0", X-Frame-Options:"DENY"]
     Content type = application/json
             Body = {"message":"JWT strings must contain exactly 2 period characters. Found: 0"}
    Forwarded URL = null
   Redirected URL = null
          Cookies = []
]]></system-out>
  </testcase>
  <testcase name="post_createArticle_withNullUrl_returnsForm" classname="architecture.integration.web.articles.ArticleControllerCreateIntegrationTests" time="0.129">
    <failure message="Status expected:&lt;200&gt; but was:&lt;403&gt;" type="java.lang.AssertionError"><![CDATA[java.lang.AssertionError: Status expected:<200> but was:<403>
	at architecture.integration.web.articles.ArticleControllerCreateIntegrationTests.post_createArticle_withNullUrl_returnsForm(ArticleControllerCreateIntegrationTests.java:299)
]]></failure>
    <system-out><![CDATA[/fr/admin/articles/create


MockHttpServletRequest:
      HTTP Method = POST
      Request URI = /fr/admin/articles/create
       Parameters = {categoryId=[], _csrf=[142e179b-a188-4dcd-98c5-9a9a8ad00f7d]}
          Headers = [Cookie:"lang=fr", Accept-Language:"fr-fr"]
             Body = null
    Session Attrs = {org.springframework.web.servlet.support.SessionFlashMapManager.FLASH_MAPS=[FlashMap [attributes={articleBinding=architecture.domain.models.bindingModels.articles.ArticleCreateBindingModel@b13b16c}, targetRequestPath=null, targetRequestParams={}]], SPRING_SECURITY_CONTEXT=org.springframework.security.core.context.SecurityContextImpl@81c98b2: Authentication: org.springframework.security.authentication.UsernamePasswordAuthenticationToken@81c98b2: Principal: org.springframework.security.core.userdetails.User@36ebcb: Username: user; Password: [PROTECTED]; Enabled: true; AccountNonExpired: true; credentialsNonExpired: true; AccountNonLocked: true; Granted Authorities: ROLE_ADMIN; Credentials: [PROTECTED]; Authenticated: true; Details: null; Granted Authorities: ROLE_ADMIN}

Handler:
             Type = null

Async:
    Async started = false
     Async result = null

Resolved Exception:
             Type = null

ModelAndView:
        View name = null
             View = null
            Model = null

FlashMap:
       Attributes = null

MockHttpServletResponse:
           Status = 403
    Error message = null
          Headers = [Content-Type:"application/json", X-Content-Type-Options:"nosniff", X-XSS-Protection:"1; mode=block", Cache-Control:"no-cache, no-store, max-age=0, must-revalidate", Pragma:"no-cache", Expires:"0", X-Frame-Options:"DENY"]
     Content type = application/json
             Body = {"message":"JWT strings must contain exactly 2 period characters. Found: 0"}
    Forwarded URL = null
   Redirected URL = null
          Cookies = []
]]></system-out>
  </testcase>
  <testcase name="post_createArticle_withEmptyTitle_returnsForm" classname="architecture.integration.web.articles.ArticleControllerCreateIntegrationTests" time="0.114">
    <failure message="Status expected:&lt;200&gt; but was:&lt;403&gt;" type="java.lang.AssertionError"><![CDATA[java.lang.AssertionError: Status expected:<200> but was:<403>
	at architecture.integration.web.articles.ArticleControllerCreateIntegrationTests.post_createArticle_withEmptyTitle_returnsForm(ArticleControllerCreateIntegrationTests.java:349)
]]></failure>
    <system-out><![CDATA[/fr/admin/articles/create


MockHttpServletRequest:
      HTTP Method = POST
      Request URI = /fr/admin/articles/create
       Parameters = {categoryId=[], _csrf=[634c8288-5357-4230-a764-4a873a7d277c]}
          Headers = [Cookie:"lang=fr", Accept-Language:"fr-fr"]
             Body = null
    Session Attrs = {org.springframework.web.servlet.support.SessionFlashMapManager.FLASH_MAPS=[FlashMap [attributes={articleBinding=architecture.domain.models.bindingModels.articles.ArticleCreateBindingModel@4cb30be0}, targetRequestPath=null, targetRequestParams={}]], SPRING_SECURITY_CONTEXT=org.springframework.security.core.context.SecurityContextImpl@81c98b2: Authentication: org.springframework.security.authentication.UsernamePasswordAuthenticationToken@81c98b2: Principal: org.springframework.security.core.userdetails.User@36ebcb: Username: user; Password: [PROTECTED]; Enabled: true; AccountNonExpired: true; credentialsNonExpired: true; AccountNonLocked: true; Granted Authorities: ROLE_ADMIN; Credentials: [PROTECTED]; Authenticated: true; Details: null; Granted Authorities: ROLE_ADMIN}

Handler:
             Type = null

Async:
    Async started = false
     Async result = null

Resolved Exception:
             Type = null

ModelAndView:
        View name = null
             View = null
            Model = null

FlashMap:
       Attributes = null

MockHttpServletResponse:
           Status = 403
    Error message = null
          Headers = [Content-Type:"application/json", X-Content-Type-Options:"nosniff", X-XSS-Protection:"1; mode=block", Cache-Control:"no-cache, no-store, max-age=0, must-revalidate", Pragma:"no-cache", Expires:"0", X-Frame-Options:"DENY"]
     Content type = application/json
             Body = {"message":"JWT strings must contain exactly 2 period characters. Found: 0"}
    Forwarded URL = null
   Redirected URL = null
          Cookies = []
]]></system-out>
  </testcase>
  <testcase name="post_createArticle_withValidData_RoleUser_redirectsUnauthorized" classname="architecture.integration.web.articles.ArticleControllerCreateIntegrationTests" time="0.1">
    <failure message="Range for response status value 403 expected:&lt;REDIRECTION&gt; but was:&lt;CLIENT_ERROR&gt;" type="java.lang.AssertionError"><![CDATA[java.lang.AssertionError: Range for response status value 403 expected:<REDIRECTION> but was:<CLIENT_ERROR>
	at architecture.integration.web.articles.ArticleControllerCreateIntegrationTests.post_createArticle_withValidData_RoleUser_redirectsUnauthorized(ArticleControllerCreateIntegrationTests.java:146)
]]></failure>
    <system-out><![CDATA[/fr/admin/articles/create


MockHttpServletRequest:
      HTTP Method = POST
      Request URI = /fr/admin/articles/create
       Parameters = {categoryId=[121], _csrf=[cc2598e2-c808-479a-b5f3-0706457983b9]}
          Headers = [Cookie:"lang=fr", Accept-Language:"fr-fr"]
             Body = null
    Session Attrs = {org.springframework.web.servlet.support.SessionFlashMapManager.FLASH_MAPS=[FlashMap [attributes={articleBinding=architecture.domain.models.bindingModels.articles.ArticleCreateBindingModel@199481b0}, targetRequestPath=null, targetRequestParams={}]], SPRING_SECURITY_CONTEXT=org.springframework.security.core.context.SecurityContextImpl@ca25360: Authentication: org.springframework.security.authentication.UsernamePasswordAuthenticationToken@ca25360: Principal: org.springframework.security.core.userdetails.User@36ebcb: Username: user; Password: [PROTECTED]; Enabled: true; AccountNonExpired: true; credentialsNonExpired: true; AccountNonLocked: true; Granted Authorities: ROLE_USER; Credentials: [PROTECTED]; Authenticated: true; Details: null; Granted Authorities: ROLE_USER}

Handler:
             Type = null

Async:
    Async started = false
     Async result = null

Resolved Exception:
             Type = null

ModelAndView:
        View name = null
             View = null
            Model = null

FlashMap:
       Attributes = null

MockHttpServletResponse:
           Status = 403
    Error message = null
          Headers = [Content-Type:"application/json", X-Content-Type-Options:"nosniff", X-XSS-Protection:"1; mode=block", Cache-Control:"no-cache, no-store, max-age=0, must-revalidate", Pragma:"no-cache", Expires:"0", X-Frame-Options:"DENY"]
     Content type = application/json
             Body = {"message":"JWT strings must contain exactly 2 period characters. Found: 0"}
    Forwarded URL = null
   Redirected URL = null
          Cookies = []
]]></system-out>
  </testcase>
  <testcase name="post_createArticle_withNullData_returnsForm" classname="architecture.integration.web.articles.ArticleControllerCreateIntegrationTests" time="0.126">
    <failure message="Status expected:&lt;200&gt; but was:&lt;403&gt;" type="java.lang.AssertionError"><![CDATA[java.lang.AssertionError: Status expected:<200> but was:<403>
	at architecture.integration.web.articles.ArticleControllerCreateIntegrationTests.post_createArticle_withNullData_returnsForm(ArticleControllerCreateIntegrationTests.java:213)
]]></failure>
    <system-out><![CDATA[/fr/admin/articles/create


MockHttpServletRequest:
      HTTP Method = POST
      Request URI = /fr/admin/articles/create
       Parameters = {categoryId=[], _csrf=[4731910d-5fec-4254-82af-cae208fda610]}
          Headers = [Cookie:"lang=fr", Accept-Language:"fr-fr"]
             Body = null
    Session Attrs = {org.springframework.web.servlet.support.SessionFlashMapManager.FLASH_MAPS=[FlashMap [attributes={articleBinding=architecture.domain.models.bindingModels.articles.ArticleCreateBindingModel@1a840ec7}, targetRequestPath=null, targetRequestParams={}]], SPRING_SECURITY_CONTEXT=org.springframework.security.core.context.SecurityContextImpl@81c98b2: Authentication: org.springframework.security.authentication.UsernamePasswordAuthenticationToken@81c98b2: Principal: org.springframework.security.core.userdetails.User@36ebcb: Username: user; Password: [PROTECTED]; Enabled: true; AccountNonExpired: true; credentialsNonExpired: true; AccountNonLocked: true; Granted Authorities: ROLE_ADMIN; Credentials: [PROTECTED]; Authenticated: true; Details: null; Granted Authorities: ROLE_ADMIN}

Handler:
             Type = null

Async:
    Async started = false
     Async result = null

Resolved Exception:
             Type = null

ModelAndView:
        View name = null
             View = null
            Model = null

FlashMap:
       Attributes = null

MockHttpServletResponse:
           Status = 403
    Error message = null
          Headers = [Content-Type:"application/json", X-Content-Type-Options:"nosniff", X-XSS-Protection:"1; mode=block", Cache-Control:"no-cache, no-store, max-age=0, must-revalidate", Pragma:"no-cache", Expires:"0", X-Frame-Options:"DENY"]
     Content type = application/json
             Body = {"message":"JWT strings must contain exactly 2 period characters. Found: 0"}
    Forwarded URL = null
   Redirected URL = null
          Cookies = []
]]></system-out>
  </testcase>
  <testcase name="post_createArticle_withNullTitle_returnsForm" classname="architecture.integration.web.articles.ArticleControllerCreateIntegrationTests" time="0.113">
    <failure message="Status expected:&lt;200&gt; but was:&lt;403&gt;" type="java.lang.AssertionError"><![CDATA[java.lang.AssertionError: Status expected:<200> but was:<403>
	at architecture.integration.web.articles.ArticleControllerCreateIntegrationTests.post_createArticle_withNullTitle_returnsForm(ArticleControllerCreateIntegrationTests.java:333)
]]></failure>
    <system-out><![CDATA[/fr/admin/articles/create


MockHttpServletRequest:
      HTTP Method = POST
      Request URI = /fr/admin/articles/create
       Parameters = {categoryId=[], _csrf=[dc66d01c-5526-4010-8f9c-9529e447d856]}
          Headers = [Cookie:"lang=fr", Accept-Language:"fr-fr"]
             Body = null
    Session Attrs = {org.springframework.web.servlet.support.SessionFlashMapManager.FLASH_MAPS=[FlashMap [attributes={articleBinding=architecture.domain.models.bindingModels.articles.ArticleCreateBindingModel@57132bdf}, targetRequestPath=null, targetRequestParams={}]], SPRING_SECURITY_CONTEXT=org.springframework.security.core.context.SecurityContextImpl@81c98b2: Authentication: org.springframework.security.authentication.UsernamePasswordAuthenticationToken@81c98b2: Principal: org.springframework.security.core.userdetails.User@36ebcb: Username: user; Password: [PROTECTED]; Enabled: true; AccountNonExpired: true; credentialsNonExpired: true; AccountNonLocked: true; Granted Authorities: ROLE_ADMIN; Credentials: [PROTECTED]; Authenticated: true; Details: null; Granted Authorities: ROLE_ADMIN}

Handler:
             Type = null

Async:
    Async started = false
     Async result = null

Resolved Exception:
             Type = null

ModelAndView:
        View name = null
             View = null
            Model = null

FlashMap:
       Attributes = null

MockHttpServletResponse:
           Status = 403
    Error message = null
          Headers = [Content-Type:"application/json", X-Content-Type-Options:"nosniff", X-XSS-Protection:"1; mode=block", Cache-Control:"no-cache, no-store, max-age=0, must-revalidate", Pragma:"no-cache", Expires:"0", X-Frame-Options:"DENY"]
     Content type = application/json
             Body = {"message":"JWT strings must contain exactly 2 period characters. Found: 0"}
    Forwarded URL = null
   Redirected URL = null
          Cookies = []
]]></system-out>
  </testcase>
  <testcase name="post_createArticle_withNullCountry_returnsForm" classname="architecture.integration.web.articles.ArticleControllerCreateIntegrationTests" time="0.093">
    <failure message="Status expected:&lt;200&gt; but was:&lt;403&gt;" type="java.lang.AssertionError"><![CDATA[java.lang.AssertionError: Status expected:<200> but was:<403>
	at architecture.integration.web.articles.ArticleControllerCreateIntegrationTests.post_createArticle_withNullCountry_returnsForm(ArticleControllerCreateIntegrationTests.java:260)
]]></failure>
    <system-out><![CDATA[/fr/admin/articles/create


MockHttpServletRequest:
      HTTP Method = POST
      Request URI = /fr/admin/articles/create
       Parameters = {categoryId=[], _csrf=[53e8e7cd-5a2a-44b3-9d9f-2b81557fecec]}
          Headers = [Cookie:"lang=fr", Accept-Language:"fr-fr"]
             Body = null
    Session Attrs = {org.springframework.web.servlet.support.SessionFlashMapManager.FLASH_MAPS=[FlashMap [attributes={articleBinding=architecture.domain.models.bindingModels.articles.ArticleCreateBindingModel@7338850c}, targetRequestPath=null, targetRequestParams={}]], SPRING_SECURITY_CONTEXT=org.springframework.security.core.context.SecurityContextImpl@81c98b2: Authentication: org.springframework.security.authentication.UsernamePasswordAuthenticationToken@81c98b2: Principal: org.springframework.security.core.userdetails.User@36ebcb: Username: user; Password: [PROTECTED]; Enabled: true; AccountNonExpired: true; credentialsNonExpired: true; AccountNonLocked: true; Granted Authorities: ROLE_ADMIN; Credentials: [PROTECTED]; Authenticated: true; Details: null; Granted Authorities: ROLE_ADMIN}

Handler:
             Type = null

Async:
    Async started = false
     Async result = null

Resolved Exception:
             Type = null

ModelAndView:
        View name = null
             View = null
            Model = null

FlashMap:
       Attributes = null

MockHttpServletResponse:
           Status = 403
    Error message = null
          Headers = [Content-Type:"application/json", X-Content-Type-Options:"nosniff", X-XSS-Protection:"1; mode=block", Cache-Control:"no-cache, no-store, max-age=0, must-revalidate", Pragma:"no-cache", Expires:"0", X-Frame-Options:"DENY"]
     Content type = application/json
             Body = {"message":"JWT strings must contain exactly 2 period characters. Found: 0"}
    Forwarded URL = null
   Redirected URL = null
          Cookies = []
]]></system-out>
  </testcase>
  <testcase name="get_createArticle_withRoleAdmin_returnsCorrectView" classname="architecture.integration.web.articles.ArticleControllerCreateIntegrationTests" time="0.944"/>
  <testcase name="post_createArticle_withInvalidCountry_returnsErrorPage" classname="architecture.integration.web.articles.ArticleControllerCreateIntegrationTests" time="0.093">
    <failure message="Status expected:&lt;200&gt; but was:&lt;403&gt;" type="java.lang.AssertionError"><![CDATA[java.lang.AssertionError: Status expected:<200> but was:<403>
	at architecture.integration.web.articles.ArticleControllerCreateIntegrationTests.post_createArticle_withInvalidCountry_returnsErrorPage(ArticleControllerCreateIntegrationTests.java:281)
]]></failure>
    <system-out><![CDATA[/fr/admin/articles/create


MockHttpServletRequest:
      HTTP Method = POST
      Request URI = /fr/admin/articles/create
       Parameters = {categoryId=[], title=[Musée du Louvre], content=[Le plus grand et frequenté musée de France], mainImage.url=[https://www.vivadavinci2019.fr/wp-content/uploads/2018/11/chateau-chenonceau-1024x683.jpg], mainImage.name=[Vue de la façade principale], country=[FI], _csrf=[dd04dc1b-8e5b-4b3a-ad6b-f3c5262cf67f]}
          Headers = [Cookie:"lang=fr", Accept-Language:"fr-fr"]
             Body = null
    Session Attrs = {SPRING_SECURITY_CONTEXT=org.springframework.security.core.context.SecurityContextImpl@81c98b2: Authentication: org.springframework.security.authentication.UsernamePasswordAuthenticationToken@81c98b2: Principal: org.springframework.security.core.userdetails.User@36ebcb: Username: user; Password: [PROTECTED]; Enabled: true; AccountNonExpired: true; credentialsNonExpired: true; AccountNonLocked: true; Granted Authorities: ROLE_ADMIN; Credentials: [PROTECTED]; Authenticated: true; Details: null; Granted Authorities: ROLE_ADMIN}

Handler:
             Type = null

Async:
    Async started = false
     Async result = null

Resolved Exception:
             Type = null

ModelAndView:
        View name = null
             View = null
            Model = null

FlashMap:
       Attributes = null

MockHttpServletResponse:
           Status = 403
    Error message = null
          Headers = [Content-Type:"application/json", X-Content-Type-Options:"nosniff", X-XSS-Protection:"1; mode=block", Cache-Control:"no-cache, no-store, max-age=0, must-revalidate", Pragma:"no-cache", Expires:"0", X-Frame-Options:"DENY"]
     Content type = application/json
             Body = {"message":"JWT strings must contain exactly 2 period characters. Found: 0"}
    Forwarded URL = null
   Redirected URL = null
          Cookies = []
]]></system-out>
  </testcase>
  <testcase name="post_createArticle_withValidData_andEmptyImage_redirectsCorrect" classname="architecture.integration.web.articles.ArticleControllerCreateIntegrationTests" time="0.117">
    <failure message="Range for response status value 403 expected:&lt;REDIRECTION&gt; but was:&lt;CLIENT_ERROR&gt;" type="java.lang.AssertionError"><![CDATA[java.lang.AssertionError: Range for response status value 403 expected:<REDIRECTION> but was:<CLIENT_ERROR>
	at architecture.integration.web.articles.ArticleControllerCreateIntegrationTests.post_createArticle_withValidData_andEmptyImage_redirectsCorrect(ArticleControllerCreateIntegrationTests.java:96)
]]></failure>
    <system-out><![CDATA[/fr/admin/articles/create


MockHttpServletRequest:
      HTTP Method = POST
      Request URI = /fr/admin/articles/create
       Parameters = {categoryId=[139], _csrf=[f63782e4-d087-4ba1-8964-644c28d3bd8e]}
          Headers = [Cookie:"lang=fr", Accept-Language:"fr-fr"]
             Body = null
    Session Attrs = {org.springframework.web.servlet.support.SessionFlashMapManager.FLASH_MAPS=[FlashMap [attributes={articleBinding=architecture.domain.models.bindingModels.articles.ArticleCreateBindingModel@6dc0e992}, targetRequestPath=null, targetRequestParams={}]], SPRING_SECURITY_CONTEXT=org.springframework.security.core.context.SecurityContextImpl@81c98b2: Authentication: org.springframework.security.authentication.UsernamePasswordAuthenticationToken@81c98b2: Principal: org.springframework.security.core.userdetails.User@36ebcb: Username: user; Password: [PROTECTED]; Enabled: true; AccountNonExpired: true; credentialsNonExpired: true; AccountNonLocked: true; Granted Authorities: ROLE_ADMIN; Credentials: [PROTECTED]; Authenticated: true; Details: null; Granted Authorities: ROLE_ADMIN}

Handler:
             Type = null

Async:
    Async started = false
     Async result = null

Resolved Exception:
             Type = null

ModelAndView:
        View name = null
             View = null
            Model = null

FlashMap:
       Attributes = null

MockHttpServletResponse:
           Status = 403
    Error message = null
          Headers = [Content-Type:"application/json", X-Content-Type-Options:"nosniff", X-XSS-Protection:"1; mode=block", Cache-Control:"no-cache, no-store, max-age=0, must-revalidate", Pragma:"no-cache", Expires:"0", X-Frame-Options:"DENY"]
     Content type = application/json
             Body = {"message":"JWT strings must contain exactly 2 period characters. Found: 0"}
    Forwarded URL = null
   Redirected URL = null
          Cookies = []
]]></system-out>
  </testcase>
  <testcase name="post_createArticle_withLowercaseTitle_returnsForm" classname="architecture.integration.web.articles.ArticleControllerCreateIntegrationTests" time="0.12">
    <failure message="Status expected:&lt;200&gt; but was:&lt;403&gt;" type="java.lang.AssertionError"><![CDATA[java.lang.AssertionError: Status expected:<200> but was:<403>
	at architecture.integration.web.articles.ArticleControllerCreateIntegrationTests.post_createArticle_withLowercaseTitle_returnsForm(ArticleControllerCreateIntegrationTests.java:365)
]]></failure>
    <system-out><![CDATA[/fr/admin/articles/create


MockHttpServletRequest:
      HTTP Method = POST
      Request URI = /fr/admin/articles/create
       Parameters = {categoryId=[], _csrf=[7b75dab1-a1a4-4b08-9afa-1a85f579319a]}
          Headers = [Cookie:"lang=fr", Accept-Language:"fr-fr"]
             Body = null
    Session Attrs = {org.springframework.web.servlet.support.SessionFlashMapManager.FLASH_MAPS=[FlashMap [attributes={articleBinding=architecture.domain.models.bindingModels.articles.ArticleCreateBindingModel@92d893f}, targetRequestPath=null, targetRequestParams={}]], SPRING_SECURITY_CONTEXT=org.springframework.security.core.context.SecurityContextImpl@81c98b2: Authentication: org.springframework.security.authentication.UsernamePasswordAuthenticationToken@81c98b2: Principal: org.springframework.security.core.userdetails.User@36ebcb: Username: user; Password: [PROTECTED]; Enabled: true; AccountNonExpired: true; credentialsNonExpired: true; AccountNonLocked: true; Granted Authorities: ROLE_ADMIN; Credentials: [PROTECTED]; Authenticated: true; Details: null; Granted Authorities: ROLE_ADMIN}

Handler:
             Type = null

Async:
    Async started = false
     Async result = null

Resolved Exception:
             Type = null

ModelAndView:
        View name = null
             View = null
            Model = null

FlashMap:
       Attributes = null

MockHttpServletResponse:
           Status = 403
    Error message = null
          Headers = [Content-Type:"application/json", X-Content-Type-Options:"nosniff", X-XSS-Protection:"1; mode=block", Cache-Control:"no-cache, no-store, max-age=0, must-revalidate", Pragma:"no-cache", Expires:"0", X-Frame-Options:"DENY"]
     Content type = application/json
             Body = {"message":"JWT strings must contain exactly 2 period characters. Found: 0"}
    Forwarded URL = null
   Redirected URL = null
          Cookies = []
]]></system-out>
  </testcase>
  <testcase name="post_createArticle_withValidData_AndEmptyImage_storesCorrect" classname="architecture.integration.web.articles.ArticleControllerCreateIntegrationTests" time="0.105">
    <error message="Index 0 out of bounds for length 0" type="java.lang.IndexOutOfBoundsException">java.lang.IndexOutOfBoundsException: Index 0 out of bounds for length 0
	at architecture.integration.web.articles.ArticleControllerCreateIntegrationTests.post_createArticle_withValidData_AndEmptyImage_storesCorrect(ArticleControllerCreateIntegrationTests.java:162)
</error>
    <system-out><![CDATA[/fr/admin/articles/create


MockHttpServletRequest:
      HTTP Method = POST
      Request URI = /fr/admin/articles/create
       Parameters = {categoryId=[145], _csrf=[e60e3180-0765-4b17-afbd-ed459c66cca8]}
          Headers = [Cookie:"lang=fr", Accept-Language:"fr-fr"]
             Body = null
    Session Attrs = {org.springframework.web.servlet.support.SessionFlashMapManager.FLASH_MAPS=[FlashMap [attributes={articleBinding=architecture.domain.models.bindingModels.articles.ArticleCreateBindingModel@1bcfca78}, targetRequestPath=null, targetRequestParams={}]], SPRING_SECURITY_CONTEXT=org.springframework.security.core.context.SecurityContextImpl@81c98b2: Authentication: org.springframework.security.authentication.UsernamePasswordAuthenticationToken@81c98b2: Principal: org.springframework.security.core.userdetails.User@36ebcb: Username: user; Password: [PROTECTED]; Enabled: true; AccountNonExpired: true; credentialsNonExpired: true; AccountNonLocked: true; Granted Authorities: ROLE_ADMIN; Credentials: [PROTECTED]; Authenticated: true; Details: null; Granted Authorities: ROLE_ADMIN}

Handler:
             Type = null

Async:
    Async started = false
     Async result = null

Resolved Exception:
             Type = null

ModelAndView:
        View name = null
             View = null
            Model = null

FlashMap:
       Attributes = null

MockHttpServletResponse:
           Status = 403
    Error message = null
          Headers = [Content-Type:"application/json", X-Content-Type-Options:"nosniff", X-XSS-Protection:"1; mode=block", Cache-Control:"no-cache, no-store, max-age=0, must-revalidate", Pragma:"no-cache", Expires:"0", X-Frame-Options:"DENY"]
     Content type = application/json
             Body = {"message":"JWT strings must contain exactly 2 period characters. Found: 0"}
    Forwarded URL = null
   Redirected URL = null
          Cookies = []
]]></system-out>
  </testcase>
  <testcase name="post_createArticle_invalidUrl_returnsForm" classname="architecture.integration.web.articles.ArticleControllerCreateIntegrationTests" time="0.093">
    <failure message="Status expected:&lt;200&gt; but was:&lt;403&gt;" type="java.lang.AssertionError"><![CDATA[java.lang.AssertionError: Status expected:<200> but was:<403>
	at architecture.integration.web.articles.ArticleControllerCreateIntegrationTests.post_createArticle_invalidUrl_returnsForm(ArticleControllerCreateIntegrationTests.java:315)
]]></failure>
    <system-out><![CDATA[/fr/admin/articles/create


MockHttpServletRequest:
      HTTP Method = POST
      Request URI = /fr/admin/articles/create
       Parameters = {categoryId=[], _csrf=[28c19fe7-334b-41ed-9142-f352118e53a5]}
          Headers = [Cookie:"lang=fr", Accept-Language:"fr-fr"]
             Body = null
    Session Attrs = {org.springframework.web.servlet.support.SessionFlashMapManager.FLASH_MAPS=[FlashMap [attributes={articleBinding=architecture.domain.models.bindingModels.articles.ArticleCreateBindingModel@5ff44f40}, targetRequestPath=null, targetRequestParams={}]], SPRING_SECURITY_CONTEXT=org.springframework.security.core.context.SecurityContextImpl@81c98b2: Authentication: org.springframework.security.authentication.UsernamePasswordAuthenticationToken@81c98b2: Principal: org.springframework.security.core.userdetails.User@36ebcb: Username: user; Password: [PROTECTED]; Enabled: true; AccountNonExpired: true; credentialsNonExpired: true; AccountNonLocked: true; Granted Authorities: ROLE_ADMIN; Credentials: [PROTECTED]; Authenticated: true; Details: null; Granted Authorities: ROLE_ADMIN}

Handler:
             Type = null

Async:
    Async started = false
     Async result = null

Resolved Exception:
             Type = null

ModelAndView:
        View name = null
             View = null
            Model = null

FlashMap:
       Attributes = null

MockHttpServletResponse:
           Status = 403
    Error message = null
          Headers = [Content-Type:"application/json", X-Content-Type-Options:"nosniff", X-XSS-Protection:"1; mode=block", Cache-Control:"no-cache, no-store, max-age=0, must-revalidate", Pragma:"no-cache", Expires:"0", X-Frame-Options:"DENY"]
     Content type = application/json
             Body = {"message":"JWT strings must contain exactly 2 period characters. Found: 0"}
    Forwarded URL = null
   Redirected URL = null
          Cookies = []
]]></system-out>
  </testcase>
  <testcase name="post_createArticle_withValidData_AndNonexistentCategory_returnsErrorPage" classname="architecture.integration.web.articles.ArticleControllerCreateIntegrationTests" time="0.093">
    <failure message="Status expected:&lt;200&gt; but was:&lt;403&gt;" type="java.lang.AssertionError"><![CDATA[java.lang.AssertionError: Status expected:<200> but was:<403>
	at architecture.integration.web.articles.ArticleControllerCreateIntegrationTests.post_createArticle_withValidData_AndNonexistentCategory_returnsErrorPage(ArticleControllerCreateIntegrationTests.java:241)
]]></failure>
    <system-out><![CDATA[/fr/admin/articles/create


MockHttpServletRequest:
      HTTP Method = POST
      Request URI = /fr/admin/articles/create
       Parameters = {categoryId=[5555], _csrf=[83016444-63e8-4150-b6f9-012e1de08c89]}
          Headers = [Cookie:"lang=fr", Accept-Language:"fr-fr"]
             Body = null
    Session Attrs = {org.springframework.web.servlet.support.SessionFlashMapManager.FLASH_MAPS=[FlashMap [attributes={articleBinding=architecture.domain.models.bindingModels.articles.ArticleCreateBindingModel@48287a34}, targetRequestPath=null, targetRequestParams={}]], SPRING_SECURITY_CONTEXT=org.springframework.security.core.context.SecurityContextImpl@81c98b2: Authentication: org.springframework.security.authentication.UsernamePasswordAuthenticationToken@81c98b2: Principal: org.springframework.security.core.userdetails.User@36ebcb: Username: user; Password: [PROTECTED]; Enabled: true; AccountNonExpired: true; credentialsNonExpired: true; AccountNonLocked: true; Granted Authorities: ROLE_ADMIN; Credentials: [PROTECTED]; Authenticated: true; Details: null; Granted Authorities: ROLE_ADMIN}

Handler:
             Type = null

Async:
    Async started = false
     Async result = null

Resolved Exception:
             Type = null

ModelAndView:
        View name = null
             View = null
            Model = null

FlashMap:
       Attributes = null

MockHttpServletResponse:
           Status = 403
    Error message = null
          Headers = [Content-Type:"application/json", X-Content-Type-Options:"nosniff", X-XSS-Protection:"1; mode=block", Cache-Control:"no-cache, no-store, max-age=0, must-revalidate", Pragma:"no-cache", Expires:"0", X-Frame-Options:"DENY"]
     Content type = application/json
             Body = {"message":"JWT strings must contain exactly 2 period characters. Found: 0"}
    Forwarded URL = null
   Redirected URL = null
          Cookies = []
]]></system-out>
  </testcase>
  <testcase name="get_createArticle_anonymous_redirectsLogin" classname="architecture.integration.web.articles.ArticleControllerCreateIntegrationTests" time="0.091"/>
  <testcase name="get_createArticle_withRoleUser_redirectsUnauthorized" classname="architecture.integration.web.articles.ArticleControllerCreateIntegrationTests" time="0.111"/>
  <testcase name="post_createArticle_withValidData_Anonymous_redirectsLogin" classname="architecture.integration.web.articles.ArticleControllerCreateIntegrationTests" time="0.101">
    <failure message="Range for response status value 403 expected:&lt;REDIRECTION&gt; but was:&lt;CLIENT_ERROR&gt;" type="java.lang.AssertionError"><![CDATA[java.lang.AssertionError: Range for response status value 403 expected:<REDIRECTION> but was:<CLIENT_ERROR>
	at architecture.integration.web.articles.ArticleControllerCreateIntegrationTests.post_createArticle_withValidData_Anonymous_redirectsLogin(ArticleControllerCreateIntegrationTests.java:129)
]]></failure>
    <system-out><![CDATA[/fr/admin/articles/create


MockHttpServletRequest:
      HTTP Method = POST
      Request URI = /fr/admin/articles/create
       Parameters = {categoryId=[160], _csrf=[3803865f-bccf-44d1-b4f3-944c2794ed8a]}
          Headers = [Cookie:"lang=fr", Accept-Language:"fr-fr"]
             Body = null
    Session Attrs = {org.springframework.web.servlet.support.SessionFlashMapManager.FLASH_MAPS=[FlashMap [attributes={articleBinding=architecture.domain.models.bindingModels.articles.ArticleCreateBindingModel@2b88b02d}, targetRequestPath=null, targetRequestParams={}]]}

Handler:
             Type = null

Async:
    Async started = false
     Async result = null

Resolved Exception:
             Type = null

ModelAndView:
        View name = null
             View = null
            Model = null

FlashMap:
       Attributes = null

MockHttpServletResponse:
           Status = 403
    Error message = null
          Headers = [Content-Type:"application/json", X-Content-Type-Options:"nosniff", X-XSS-Protection:"1; mode=block", Cache-Control:"no-cache, no-store, max-age=0, must-revalidate", Pragma:"no-cache", Expires:"0", X-Frame-Options:"DENY"]
     Content type = application/json
             Body = {"message":"JWT strings must contain exactly 2 period characters. Found: 0"}
    Forwarded URL = null
   Redirected URL = null
          Cookies = []
]]></system-out>
  </testcase>
</testsuite>