<?xml version="1.0" encoding="UTF-8"?>
<testsuite xmlns:xsi="http://www.w3.org/2001/XMLSchema-instance" xsi:noNamespaceSchemaLocation="https://maven.apache.org/surefire/maven-surefire-plugin/xsd/surefire-test-report.xsd" name="architecture.integration.web.UserControllerIntegrationTests" time="1.939" tests="6" errors="0" skipped="0" failures="4">
  <properties>
[...]
</properties>
  <testcase name="getUserLogin_returnsCorrectView" classname="architecture.integration.web.UserControllerIntegrationTests" time="0.501"/>
  <testcase name="postUserRegister_invalidData_returnsForm_withoutFlushing" classname="architecture.integration.web.UserControllerIntegrationTests" time="0.183">
    <failure message="Response status expected:&lt;200&gt; but was:&lt;403&gt;" type="java.lang.AssertionError"><![CDATA[java.lang.AssertionError: Response status expected:<200> but was:<403>
	at architecture.integration.web.UserControllerIntegrationTests.postUserRegister_invalidData_returnsForm_withoutFlushing(UserControllerIntegrationTests.java:105)
]]></failure>
    <system-out><![CDATA[03-Jun-20 15:23:34  INFO 13348 --- [           main] o.s.t.c.transaction.TransactionContext   : Began transaction (1) for test context [DefaultTestContext@6f97ea30 testClass = UserControllerIntegrationTests, testInstance = architecture.integration.web.UserControllerIntegrationTests@4db79a2b, testMethod = postUserRegister_invalidData_returnsForm_withoutFlushing@UserControllerIntegrationTests, testException = [null], mergedContextConfiguration = [WebMergedContextConfiguration@615c5e54 testClass = UserControllerIntegrationTests, locations = '{}', classes = '{class architecture.PersonalSiteApplication}', contextInitializerClasses = '[]', activeProfiles = '{test}', propertySourceLocations = '{}', propertySourceProperties = '{org.springframework.boot.test.context.SpringBootTestContextBootstrapper=true}', contextCustomizers = set[[ImportsContextCustomizer@7cde9bb7 key = [org.springframework.boot.test.autoconfigure.web.servlet.MockMvcAutoConfiguration, org.springframework.boot.test.autoconfigure.web.servlet.MockMvcSecurityAutoConfiguration, org.springframework.boot.test.autoconfigure.web.servlet.MockMvcWebClientAutoConfiguration, org.springframework.boot.test.autoconfigure.web.servlet.MockMvcWebDriverAutoConfiguration, org.springframework.boot.test.autoconfigure.jdbc.TestDatabaseAutoConfiguration, org.springframework.boot.autoconfigure.jdbc.DataSourceAutoConfiguration]], org.springframework.boot.test.context.filter.ExcludeFilterContextCustomizer@2b2954e1, org.springframework.boot.test.json.DuplicateJsonObjectContextCustomizerFactory$DuplicateJsonObjectContextCustomizer@4bcaa195, org.springframework.boot.test.mock.mockito.MockitoContextCustomizer@0, org.springframework.boot.test.web.client.TestRestTemplateContextCustomizer@2d760326, org.springframework.boot.test.autoconfigure.properties.PropertyMappingContextCustomizer@d8f89044, org.springframework.boot.test.autoconfigure.web.servlet.WebDriverContextCustomizerFactory$Customizer@273a5a8a], resourceBasePath = 'src/main/webapp', contextLoader = 'org.springframework.boot.test.context.SpringBootContextLoader', parent = [null]], attributes = map['org.springframework.test.context.web.ServletTestExecutionListener.activateListener' -> true, 'org.springframework.test.context.web.ServletTestExecutionListener.populatedRequestContextHolder' -> true, 'org.springframework.test.context.web.ServletTestExecutionListener.resetRequestContextHolder' -> true]]; transaction manager [org.springframework.orm.jpa.JpaTransactionManager@7a7cb68e]; rollback [true]
/fr/users/register


MockHttpServletRequest:
      HTTP Method = POST
      Request URI = /fr/users/register
       Parameters = {_csrf=[68e2d36b-3f3c-4a52-a0fa-97526ce24183]}
          Headers = [Cookie:"lang=fr", Accept-Language:"fr-fr"]
             Body = null
    Session Attrs = {org.springframework.web.servlet.support.SessionFlashMapManager.FLASH_MAPS=[FlashMap [attributes={userRegister=architecture.domain.models.bindingModels.users.UserCreateBindingModel@77413319}, targetRequestPath=null, targetRequestParams={}]]}

Handler:
             Type = null

Async:
    Async started = false
     Async result = null

Resolved Exception:
             Type = null

ModelAndView:
        View name = null
             View = null
            Model = null

FlashMap:
       Attributes = null

MockHttpServletResponse:
           Status = 403
    Error message = null
          Headers = [Content-Type:"application/json", X-Content-Type-Options:"nosniff", X-XSS-Protection:"1; mode=block", Cache-Control:"no-cache, no-store, max-age=0, must-revalidate", Pragma:"no-cache", Expires:"0", X-Frame-Options:"DENY"]
     Content type = application/json
             Body = {"message":"JWT strings must contain exactly 2 period characters. Found: 0"}
    Forwarded URL = null
   Redirected URL = null
          Cookies = []
03-Jun-20 15:23:34  INFO 13348 --- [           main] o.s.t.c.transaction.TransactionContext   : Rolled back transaction for test: [DefaultTestContext@6f97ea30 testClass = UserControllerIntegrationTests, testInstance = architecture.integration.web.UserControllerIntegrationTests@4db79a2b, testMethod = postUserRegister_invalidData_returnsForm_withoutFlushing@UserControllerIntegrationTests, testException = java.lang.AssertionError: Response status expected:<200> but was:<403>, mergedContextConfiguration = [WebMergedContextConfiguration@615c5e54 testClass = UserControllerIntegrationTests, locations = '{}', classes = '{class architecture.PersonalSiteApplication}', contextInitializerClasses = '[]', activeProfiles = '{test}', propertySourceLocations = '{}', propertySourceProperties = '{org.springframework.boot.test.context.SpringBootTestContextBootstrapper=true}', contextCustomizers = set[[ImportsContextCustomizer@7cde9bb7 key = [org.springframework.boot.test.autoconfigure.web.servlet.MockMvcAutoConfiguration, org.springframework.boot.test.autoconfigure.web.servlet.MockMvcSecurityAutoConfiguration, org.springframework.boot.test.autoconfigure.web.servlet.MockMvcWebClientAutoConfiguration, org.springframework.boot.test.autoconfigure.web.servlet.MockMvcWebDriverAutoConfiguration, org.springframework.boot.test.autoconfigure.jdbc.TestDatabaseAutoConfiguration, org.springframework.boot.autoconfigure.jdbc.DataSourceAutoConfiguration]], org.springframework.boot.test.context.filter.ExcludeFilterContextCustomizer@2b2954e1, org.springframework.boot.test.json.DuplicateJsonObjectContextCustomizerFactory$DuplicateJsonObjectContextCustomizer@4bcaa195, org.springframework.boot.test.mock.mockito.MockitoContextCustomizer@0, org.springframework.boot.test.web.client.TestRestTemplateContextCustomizer@2d760326, org.springframework.boot.test.autoconfigure.properties.PropertyMappingContextCustomizer@d8f89044, org.springframework.boot.test.autoconfigure.web.servlet.WebDriverContextCustomizerFactory$Customizer@273a5a8a], resourceBasePath = 'src/main/webapp', contextLoader = 'org.springframework.boot.test.context.SpringBootContextLoader', parent = [null]], attributes = map['org.springframework.test.context.web.ServletTestExecutionListener.activateListener' -> true, 'org.springframework.test.context.web.ServletTestExecutionListener.populatedRequestContextHolder' -> true, 'org.springframework.test.context.web.ServletTestExecutionListener.resetRequestContextHolder' -> true]]
]]></system-out>
  </testcase>
  <testcase name="getUserRegister_returnsCorrectView" classname="architecture.integration.web.UserControllerIntegrationTests" time="0.585"/>
  <testcase name="postUserRegister_validModel_redirectsCorrectAndSavesData" classname="architecture.integration.web.UserControllerIntegrationTests" time="0.179">
    <failure message="Response status expected:&lt;302&gt; but was:&lt;403&gt;" type="java.lang.AssertionError"><![CDATA[java.lang.AssertionError: Response status expected:<302> but was:<403>
	at architecture.integration.web.UserControllerIntegrationTests.postUserRegister_validModel_redirectsCorrectAndSavesData(UserControllerIntegrationTests.java:62)
]]></failure>
    <system-out><![CDATA[03-Jun-20 15:23:34  INFO 13348 --- [           main] o.s.t.c.transaction.TransactionContext   : Began transaction (1) for test context [DefaultTestContext@6f97ea30 testClass = UserControllerIntegrationTests, testInstance = architecture.integration.web.UserControllerIntegrationTests@7f1dd6fd, testMethod = postUserRegister_validModel_redirectsCorrectAndSavesData@UserControllerIntegrationTests, testException = [null], mergedContextConfiguration = [WebMergedContextConfiguration@615c5e54 testClass = UserControllerIntegrationTests, locations = '{}', classes = '{class architecture.PersonalSiteApplication}', contextInitializerClasses = '[]', activeProfiles = '{test}', propertySourceLocations = '{}', propertySourceProperties = '{org.springframework.boot.test.context.SpringBootTestContextBootstrapper=true}', contextCustomizers = set[[ImportsContextCustomizer@7cde9bb7 key = [org.springframework.boot.test.autoconfigure.web.servlet.MockMvcAutoConfiguration, org.springframework.boot.test.autoconfigure.web.servlet.MockMvcSecurityAutoConfiguration, org.springframework.boot.test.autoconfigure.web.servlet.MockMvcWebClientAutoConfiguration, org.springframework.boot.test.autoconfigure.web.servlet.MockMvcWebDriverAutoConfiguration, org.springframework.boot.test.autoconfigure.jdbc.TestDatabaseAutoConfiguration, org.springframework.boot.autoconfigure.jdbc.DataSourceAutoConfiguration]], org.springframework.boot.test.context.filter.ExcludeFilterContextCustomizer@2b2954e1, org.springframework.boot.test.json.DuplicateJsonObjectContextCustomizerFactory$DuplicateJsonObjectContextCustomizer@4bcaa195, org.springframework.boot.test.mock.mockito.MockitoContextCustomizer@0, org.springframework.boot.test.web.client.TestRestTemplateContextCustomizer@2d760326, org.springframework.boot.test.autoconfigure.properties.PropertyMappingContextCustomizer@d8f89044, org.springframework.boot.test.autoconfigure.web.servlet.WebDriverContextCustomizerFactory$Customizer@273a5a8a], resourceBasePath = 'src/main/webapp', contextLoader = 'org.springframework.boot.test.context.SpringBootContextLoader', parent = [null]], attributes = map['org.springframework.test.context.web.ServletTestExecutionListener.activateListener' -> true, 'org.springframework.test.context.web.ServletTestExecutionListener.populatedRequestContextHolder' -> true, 'org.springframework.test.context.web.ServletTestExecutionListener.resetRequestContextHolder' -> true]]; transaction manager [org.springframework.orm.jpa.JpaTransactionManager@7a7cb68e]; rollback [true]
/fr/users/register


MockHttpServletRequest:
      HTTP Method = POST
      Request URI = /fr/users/register
       Parameters = {_csrf=[bf9daa67-75f6-4ed2-b751-2319603f0a32]}
          Headers = [Cookie:"lang=fr", Accept-Language:"fr-fr"]
             Body = null
    Session Attrs = {org.springframework.web.servlet.support.SessionFlashMapManager.FLASH_MAPS=[FlashMap [attributes={userRegister=architecture.domain.models.bindingModels.users.UserCreateBindingModel@64e76cf5}, targetRequestPath=null, targetRequestParams={}]]}

Handler:
             Type = null

Async:
    Async started = false
     Async result = null

Resolved Exception:
             Type = null

ModelAndView:
        View name = null
             View = null
            Model = null

FlashMap:
       Attributes = null

MockHttpServletResponse:
           Status = 403
    Error message = null
          Headers = [Content-Type:"application/json", X-Content-Type-Options:"nosniff", X-XSS-Protection:"1; mode=block", Cache-Control:"no-cache, no-store, max-age=0, must-revalidate", Pragma:"no-cache", Expires:"0", X-Frame-Options:"DENY"]
     Content type = application/json
             Body = {"message":"JWT strings must contain exactly 2 period characters. Found: 0"}
    Forwarded URL = null
   Redirected URL = null
          Cookies = []
03-Jun-20 15:23:34  INFO 13348 --- [           main] o.s.t.c.transaction.TransactionContext   : Rolled back transaction for test: [DefaultTestContext@6f97ea30 testClass = UserControllerIntegrationTests, testInstance = architecture.integration.web.UserControllerIntegrationTests@7f1dd6fd, testMethod = postUserRegister_validModel_redirectsCorrectAndSavesData@UserControllerIntegrationTests, testException = java.lang.AssertionError: Response status expected:<302> but was:<403>, mergedContextConfiguration = [WebMergedContextConfiguration@615c5e54 testClass = UserControllerIntegrationTests, locations = '{}', classes = '{class architecture.PersonalSiteApplication}', contextInitializerClasses = '[]', activeProfiles = '{test}', propertySourceLocations = '{}', propertySourceProperties = '{org.springframework.boot.test.context.SpringBootTestContextBootstrapper=true}', contextCustomizers = set[[ImportsContextCustomizer@7cde9bb7 key = [org.springframework.boot.test.autoconfigure.web.servlet.MockMvcAutoConfiguration, org.springframework.boot.test.autoconfigure.web.servlet.MockMvcSecurityAutoConfiguration, org.springframework.boot.test.autoconfigure.web.servlet.MockMvcWebClientAutoConfiguration, org.springframework.boot.test.autoconfigure.web.servlet.MockMvcWebDriverAutoConfiguration, org.springframework.boot.test.autoconfigure.jdbc.TestDatabaseAutoConfiguration, org.springframework.boot.autoconfigure.jdbc.DataSourceAutoConfiguration]], org.springframework.boot.test.context.filter.ExcludeFilterContextCustomizer@2b2954e1, org.springframework.boot.test.json.DuplicateJsonObjectContextCustomizerFactory$DuplicateJsonObjectContextCustomizer@4bcaa195, org.springframework.boot.test.mock.mockito.MockitoContextCustomizer@0, org.springframework.boot.test.web.client.TestRestTemplateContextCustomizer@2d760326, org.springframework.boot.test.autoconfigure.properties.PropertyMappingContextCustomizer@d8f89044, org.springframework.boot.test.autoconfigure.web.servlet.WebDriverContextCustomizerFactory$Customizer@273a5a8a], resourceBasePath = 'src/main/webapp', contextLoader = 'org.springframework.boot.test.context.SpringBootContextLoader', parent = [null]], attributes = map['org.springframework.test.context.web.ServletTestExecutionListener.activateListener' -> true, 'org.springframework.test.context.web.ServletTestExecutionListener.populatedRequestContextHolder' -> true, 'org.springframework.test.context.web.ServletTestExecutionListener.resetRequestContextHolder' -> true]]
]]></system-out>
  </testcase>
  <testcase name="postUserRegister_validModel_DuplicatedData_returnsErrroPage_throwsDataIntegrityError" classname="architecture.integration.web.UserControllerIntegrationTests" time="0.19">
    <failure message="Response status expected:&lt;302&gt; but was:&lt;403&gt;" type="java.lang.AssertionError"><![CDATA[java.lang.AssertionError: Response status expected:<302> but was:<403>
	at architecture.integration.web.UserControllerIntegrationTests.postUserRegister_validModel_DuplicatedData_returnsErrroPage_throwsDataIntegrityError(UserControllerIntegrationTests.java:77)
]]></failure>
    <system-out><![CDATA[03-Jun-20 15:23:34  INFO 13348 --- [           main] o.s.t.c.transaction.TransactionContext   : Began transaction (1) for test context [DefaultTestContext@6f97ea30 testClass = UserControllerIntegrationTests, testInstance = architecture.integration.web.UserControllerIntegrationTests@79f21ba4, testMethod = postUserRegister_validModel_DuplicatedData_returnsErrroPage_throwsDataIntegrityError@UserControllerIntegrationTests, testException = [null], mergedContextConfiguration = [WebMergedContextConfiguration@615c5e54 testClass = UserControllerIntegrationTests, locations = '{}', classes = '{class architecture.PersonalSiteApplication}', contextInitializerClasses = '[]', activeProfiles = '{test}', propertySourceLocations = '{}', propertySourceProperties = '{org.springframework.boot.test.context.SpringBootTestContextBootstrapper=true}', contextCustomizers = set[[ImportsContextCustomizer@7cde9bb7 key = [org.springframework.boot.test.autoconfigure.web.servlet.MockMvcAutoConfiguration, org.springframework.boot.test.autoconfigure.web.servlet.MockMvcSecurityAutoConfiguration, org.springframework.boot.test.autoconfigure.web.servlet.MockMvcWebClientAutoConfiguration, org.springframework.boot.test.autoconfigure.web.servlet.MockMvcWebDriverAutoConfiguration, org.springframework.boot.test.autoconfigure.jdbc.TestDatabaseAutoConfiguration, org.springframework.boot.autoconfigure.jdbc.DataSourceAutoConfiguration]], org.springframework.boot.test.context.filter.ExcludeFilterContextCustomizer@2b2954e1, org.springframework.boot.test.json.DuplicateJsonObjectContextCustomizerFactory$DuplicateJsonObjectContextCustomizer@4bcaa195, org.springframework.boot.test.mock.mockito.MockitoContextCustomizer@0, org.springframework.boot.test.web.client.TestRestTemplateContextCustomizer@2d760326, org.springframework.boot.test.autoconfigure.properties.PropertyMappingContextCustomizer@d8f89044, org.springframework.boot.test.autoconfigure.web.servlet.WebDriverContextCustomizerFactory$Customizer@273a5a8a], resourceBasePath = 'src/main/webapp', contextLoader = 'org.springframework.boot.test.context.SpringBootContextLoader', parent = [null]], attributes = map['org.springframework.test.context.web.ServletTestExecutionListener.activateListener' -> true, 'org.springframework.test.context.web.ServletTestExecutionListener.populatedRequestContextHolder' -> true, 'org.springframework.test.context.web.ServletTestExecutionListener.resetRequestContextHolder' -> true]]; transaction manager [org.springframework.orm.jpa.JpaTransactionManager@7a7cb68e]; rollback [true]
/fr/users/register


MockHttpServletRequest:
      HTTP Method = POST
      Request URI = /fr/users/register
       Parameters = {_csrf=[70261159-d240-4b2d-9eea-24be9eb4ea79]}
          Headers = [Cookie:"lang=fr", Accept-Language:"fr-fr"]
             Body = null
    Session Attrs = {org.springframework.web.servlet.support.SessionFlashMapManager.FLASH_MAPS=[FlashMap [attributes={userRegister=architecture.domain.models.bindingModels.users.UserCreateBindingModel@68c99059}, targetRequestPath=null, targetRequestParams={}]]}

Handler:
             Type = null

Async:
    Async started = false
     Async result = null

Resolved Exception:
             Type = null

ModelAndView:
        View name = null
             View = null
            Model = null

FlashMap:
       Attributes = null

MockHttpServletResponse:
           Status = 403
    Error message = null
          Headers = [Content-Type:"application/json", X-Content-Type-Options:"nosniff", X-XSS-Protection:"1; mode=block", Cache-Control:"no-cache, no-store, max-age=0, must-revalidate", Pragma:"no-cache", Expires:"0", X-Frame-Options:"DENY"]
     Content type = application/json
             Body = {"message":"JWT strings must contain exactly 2 period characters. Found: 0"}
    Forwarded URL = null
   Redirected URL = null
          Cookies = []
03-Jun-20 15:23:34  INFO 13348 --- [           main] o.s.t.c.transaction.TransactionContext   : Rolled back transaction for test: [DefaultTestContext@6f97ea30 testClass = UserControllerIntegrationTests, testInstance = architecture.integration.web.UserControllerIntegrationTests@79f21ba4, testMethod = postUserRegister_validModel_DuplicatedData_returnsErrroPage_throwsDataIntegrityError@UserControllerIntegrationTests, testException = java.lang.AssertionError: Response status expected:<302> but was:<403>, mergedContextConfiguration = [WebMergedContextConfiguration@615c5e54 testClass = UserControllerIntegrationTests, locations = '{}', classes = '{class architecture.PersonalSiteApplication}', contextInitializerClasses = '[]', activeProfiles = '{test}', propertySourceLocations = '{}', propertySourceProperties = '{org.springframework.boot.test.context.SpringBootTestContextBootstrapper=true}', contextCustomizers = set[[ImportsContextCustomizer@7cde9bb7 key = [org.springframework.boot.test.autoconfigure.web.servlet.MockMvcAutoConfiguration, org.springframework.boot.test.autoconfigure.web.servlet.MockMvcSecurityAutoConfiguration, org.springframework.boot.test.autoconfigure.web.servlet.MockMvcWebClientAutoConfiguration, org.springframework.boot.test.autoconfigure.web.servlet.MockMvcWebDriverAutoConfiguration, org.springframework.boot.test.autoconfigure.jdbc.TestDatabaseAutoConfiguration, org.springframework.boot.autoconfigure.jdbc.DataSourceAutoConfiguration]], org.springframework.boot.test.context.filter.ExcludeFilterContextCustomizer@2b2954e1, org.springframework.boot.test.json.DuplicateJsonObjectContextCustomizerFactory$DuplicateJsonObjectContextCustomizer@4bcaa195, org.springframework.boot.test.mock.mockito.MockitoContextCustomizer@0, org.springframework.boot.test.web.client.TestRestTemplateContextCustomizer@2d760326, org.springframework.boot.test.autoconfigure.properties.PropertyMappingContextCustomizer@d8f89044, org.springframework.boot.test.autoconfigure.web.servlet.WebDriverContextCustomizerFactory$Customizer@273a5a8a], resourceBasePath = 'src/main/webapp', contextLoader = 'org.springframework.boot.test.context.SpringBootContextLoader', parent = [null]], attributes = map['org.springframework.test.context.web.ServletTestExecutionListener.activateListener' -> true, 'org.springframework.test.context.web.ServletTestExecutionListener.populatedRequestContextHolder' -> true, 'org.springframework.test.context.web.ServletTestExecutionListener.resetRequestContextHolder' -> true]]
]]></system-out>
  </testcase>
  <testcase name="postUserRegister_validDataNotMatchingPasswords_returnsForm_withoutFlushing" classname="architecture.integration.web.UserControllerIntegrationTests" time="0.187">
    <failure message="Response status expected:&lt;200&gt; but was:&lt;403&gt;" type="java.lang.AssertionError"><![CDATA[java.lang.AssertionError: Response status expected:<200> but was:<403>
	at architecture.integration.web.UserControllerIntegrationTests.postUserRegister_validDataNotMatchingPasswords_returnsForm_withoutFlushing(UserControllerIntegrationTests.java:123)
]]></failure>
    <system-out><![CDATA[03-Jun-20 15:23:34  INFO 13348 --- [           main] o.s.t.c.transaction.TransactionContext   : Began transaction (1) for test context [DefaultTestContext@6f97ea30 testClass = UserControllerIntegrationTests, testInstance = architecture.integration.web.UserControllerIntegrationTests@221f2295, testMethod = postUserRegister_validDataNotMatchingPasswords_returnsForm_withoutFlushing@UserControllerIntegrationTests, testException = [null], mergedContextConfiguration = [WebMergedContextConfiguration@615c5e54 testClass = UserControllerIntegrationTests, locations = '{}', classes = '{class architecture.PersonalSiteApplication}', contextInitializerClasses = '[]', activeProfiles = '{test}', propertySourceLocations = '{}', propertySourceProperties = '{org.springframework.boot.test.context.SpringBootTestContextBootstrapper=true}', contextCustomizers = set[[ImportsContextCustomizer@7cde9bb7 key = [org.springframework.boot.test.autoconfigure.web.servlet.MockMvcAutoConfiguration, org.springframework.boot.test.autoconfigure.web.servlet.MockMvcSecurityAutoConfiguration, org.springframework.boot.test.autoconfigure.web.servlet.MockMvcWebClientAutoConfiguration, org.springframework.boot.test.autoconfigure.web.servlet.MockMvcWebDriverAutoConfiguration, org.springframework.boot.test.autoconfigure.jdbc.TestDatabaseAutoConfiguration, org.springframework.boot.autoconfigure.jdbc.DataSourceAutoConfiguration]], org.springframework.boot.test.context.filter.ExcludeFilterContextCustomizer@2b2954e1, org.springframework.boot.test.json.DuplicateJsonObjectContextCustomizerFactory$DuplicateJsonObjectContextCustomizer@4bcaa195, org.springframework.boot.test.mock.mockito.MockitoContextCustomizer@0, org.springframework.boot.test.web.client.TestRestTemplateContextCustomizer@2d760326, org.springframework.boot.test.autoconfigure.properties.PropertyMappingContextCustomizer@d8f89044, org.springframework.boot.test.autoconfigure.web.servlet.WebDriverContextCustomizerFactory$Customizer@273a5a8a], resourceBasePath = 'src/main/webapp', contextLoader = 'org.springframework.boot.test.context.SpringBootContextLoader', parent = [null]], attributes = map['org.springframework.test.context.web.ServletTestExecutionListener.activateListener' -> true, 'org.springframework.test.context.web.ServletTestExecutionListener.populatedRequestContextHolder' -> true, 'org.springframework.test.context.web.ServletTestExecutionListener.resetRequestContextHolder' -> true]]; transaction manager [org.springframework.orm.jpa.JpaTransactionManager@7a7cb68e]; rollback [true]
/fr/users/register


MockHttpServletRequest:
      HTTP Method = POST
      Request URI = /fr/users/register
       Parameters = {_csrf=[4af52031-ab6d-4cca-8a3d-257316785e31]}
          Headers = [Cookie:"lang=fr", Accept-Language:"fr-fr"]
             Body = null
    Session Attrs = {org.springframework.web.servlet.support.SessionFlashMapManager.FLASH_MAPS=[FlashMap [attributes={userRegister=architecture.domain.models.bindingModels.users.UserCreateBindingModel@4b593249}, targetRequestPath=null, targetRequestParams={}]]}

Handler:
             Type = null

Async:
    Async started = false
     Async result = null

Resolved Exception:
             Type = null

ModelAndView:
        View name = null
             View = null
            Model = null

FlashMap:
       Attributes = null

MockHttpServletResponse:
           Status = 403
    Error message = null
          Headers = [Content-Type:"application/json", X-Content-Type-Options:"nosniff", X-XSS-Protection:"1; mode=block", Cache-Control:"no-cache, no-store, max-age=0, must-revalidate", Pragma:"no-cache", Expires:"0", X-Frame-Options:"DENY"]
     Content type = application/json
             Body = {"message":"JWT strings must contain exactly 2 period characters. Found: 0"}
    Forwarded URL = null
   Redirected URL = null
          Cookies = []
03-Jun-20 15:23:35  INFO 13348 --- [           main] o.s.t.c.transaction.TransactionContext   : Rolled back transaction for test: [DefaultTestContext@6f97ea30 testClass = UserControllerIntegrationTests, testInstance = architecture.integration.web.UserControllerIntegrationTests@221f2295, testMethod = postUserRegister_validDataNotMatchingPasswords_returnsForm_withoutFlushing@UserControllerIntegrationTests, testException = java.lang.AssertionError: Response status expected:<200> but was:<403>, mergedContextConfiguration = [WebMergedContextConfiguration@615c5e54 testClass = UserControllerIntegrationTests, locations = '{}', classes = '{class architecture.PersonalSiteApplication}', contextInitializerClasses = '[]', activeProfiles = '{test}', propertySourceLocations = '{}', propertySourceProperties = '{org.springframework.boot.test.context.SpringBootTestContextBootstrapper=true}', contextCustomizers = set[[ImportsContextCustomizer@7cde9bb7 key = [org.springframework.boot.test.autoconfigure.web.servlet.MockMvcAutoConfiguration, org.springframework.boot.test.autoconfigure.web.servlet.MockMvcSecurityAutoConfiguration, org.springframework.boot.test.autoconfigure.web.servlet.MockMvcWebClientAutoConfiguration, org.springframework.boot.test.autoconfigure.web.servlet.MockMvcWebDriverAutoConfiguration, org.springframework.boot.test.autoconfigure.jdbc.TestDatabaseAutoConfiguration, org.springframework.boot.autoconfigure.jdbc.DataSourceAutoConfiguration]], org.springframework.boot.test.context.filter.ExcludeFilterContextCustomizer@2b2954e1, org.springframework.boot.test.json.DuplicateJsonObjectContextCustomizerFactory$DuplicateJsonObjectContextCustomizer@4bcaa195, org.springframework.boot.test.mock.mockito.MockitoContextCustomizer@0, org.springframework.boot.test.web.client.TestRestTemplateContextCustomizer@2d760326, org.springframework.boot.test.autoconfigure.properties.PropertyMappingContextCustomizer@d8f89044, org.springframework.boot.test.autoconfigure.web.servlet.WebDriverContextCustomizerFactory$Customizer@273a5a8a], resourceBasePath = 'src/main/webapp', contextLoader = 'org.springframework.boot.test.context.SpringBootContextLoader', parent = [null]], attributes = map['org.springframework.test.context.web.ServletTestExecutionListener.activateListener' -> true, 'org.springframework.test.context.web.ServletTestExecutionListener.populatedRequestContextHolder' -> true, 'org.springframework.test.context.web.ServletTestExecutionListener.resetRequestContextHolder' -> true]]
]]></system-out>
  </testcase>
</testsuite>