<?xml version="1.0" encoding="UTF-8"?>
<testsuite xmlns:xsi="http://www.w3.org/2001/XMLSchema-instance" xsi:noNamespaceSchemaLocation="https://maven.apache.org/surefire/maven-surefire-plugin/xsd/surefire-test-report.xsd" name="architecture.integration.web.articles.ArticleControllerAddLangIntegrationTests" time="9.675" tests="18" errors="0" skipped="0" failures="10">
  <properties>
[...]
</properties>
  <testcase name="get_editLang_withRoleUser_redirectsUnauthorized" classname="architecture.integration.web.articles.ArticleControllerAddLangIntegrationTests" time="0.228"/>
  <testcase name="post_addLang_withUserRole_validModelWithImage_redirectsUnauthorized" classname="architecture.integration.web.articles.ArticleControllerAddLangIntegrationTests" time="0.565">
    <failure message="Range for response status value 403 expected:&lt;REDIRECTION&gt; but was:&lt;CLIENT_ERROR&gt;" type="java.lang.AssertionError"><![CDATA[java.lang.AssertionError: Range for response status value 403 expected:<REDIRECTION> but was:<CLIENT_ERROR>
	at architecture.integration.web.articles.ArticleControllerAddLangIntegrationTests.post_addLang_withUserRole_validModelWithImage_redirectsUnauthorized(ArticleControllerAddLangIntegrationTests.java:139)
]]></failure>
    <system-out><![CDATA[/fr/admin/articles/addLang/11


MockHttpServletRequest:
      HTTP Method = POST
      Request URI = /fr/admin/articles/addLang/11
       Parameters = {_csrf=[033fd2b9-1ae2-4ba8-99e7-92712b57187a]}
          Headers = [Cookie:"lang=fr", Accept-Language:"fr-fr"]
             Body = null
    Session Attrs = {org.springframework.web.servlet.support.SessionFlashMapManager.FLASH_MAPS=[FlashMap [attributes={articleBinding=architecture.domain.models.bindingModels.articles.ArticleLangBindingModel@7ba335ab}, targetRequestPath=null, targetRequestParams={}]], SPRING_SECURITY_CONTEXT=org.springframework.security.core.context.SecurityContextImpl@ca25360: Authentication: org.springframework.security.authentication.UsernamePasswordAuthenticationToken@ca25360: Principal: org.springframework.security.core.userdetails.User@36ebcb: Username: user; Password: [PROTECTED]; Enabled: true; AccountNonExpired: true; credentialsNonExpired: true; AccountNonLocked: true; Granted Authorities: ROLE_USER; Credentials: [PROTECTED]; Authenticated: true; Details: null; Granted Authorities: ROLE_USER}

Handler:
             Type = null

Async:
    Async started = false
     Async result = null

Resolved Exception:
             Type = null

ModelAndView:
        View name = null
             View = null
            Model = null

FlashMap:
       Attributes = null

MockHttpServletResponse:
           Status = 403
    Error message = null
          Headers = [Content-Type:"application/json", X-Content-Type-Options:"nosniff", X-XSS-Protection:"1; mode=block", Cache-Control:"no-cache, no-store, max-age=0, must-revalidate", Pragma:"no-cache", Expires:"0", X-Frame-Options:"DENY"]
     Content type = application/json
             Body = {"message":"JWT strings must contain exactly 2 period characters. Found: 0"}
    Forwarded URL = null
   Redirected URL = null
          Cookies = []
]]></system-out>
  </testcase>
  <testcase name="post_addLang_withRoleAdmin_validModelWithImage_redirectsEdit" classname="architecture.integration.web.articles.ArticleControllerAddLangIntegrationTests" time="0.175">
    <failure message="Range for response status value 403 expected:&lt;REDIRECTION&gt; but was:&lt;CLIENT_ERROR&gt;" type="java.lang.AssertionError"><![CDATA[java.lang.AssertionError: Range for response status value 403 expected:<REDIRECTION> but was:<CLIENT_ERROR>
	at architecture.integration.web.articles.ArticleControllerAddLangIntegrationTests.post_addLang_withRoleAdmin_validModelWithImage_redirectsEdit(ArticleControllerAddLangIntegrationTests.java:95)
]]></failure>
    <system-out><![CDATA[/fr/admin/articles/addLang/12


MockHttpServletRequest:
      HTTP Method = POST
      Request URI = /fr/admin/articles/addLang/12
       Parameters = {_csrf=[d317d5eb-f02c-4594-a40d-a3f2bd62ab78]}
          Headers = [Cookie:"lang=fr", Accept-Language:"fr-fr"]
             Body = null
    Session Attrs = {org.springframework.web.servlet.support.SessionFlashMapManager.FLASH_MAPS=[FlashMap [attributes={articleBinding=architecture.domain.models.bindingModels.articles.ArticleLangBindingModel@3a8d7e}, targetRequestPath=null, targetRequestParams={}]], SPRING_SECURITY_CONTEXT=org.springframework.security.core.context.SecurityContextImpl@81c98b2: Authentication: org.springframework.security.authentication.UsernamePasswordAuthenticationToken@81c98b2: Principal: org.springframework.security.core.userdetails.User@36ebcb: Username: user; Password: [PROTECTED]; Enabled: true; AccountNonExpired: true; credentialsNonExpired: true; AccountNonLocked: true; Granted Authorities: ROLE_ADMIN; Credentials: [PROTECTED]; Authenticated: true; Details: null; Granted Authorities: ROLE_ADMIN}

Handler:
             Type = null

Async:
    Async started = false
     Async result = null

Resolved Exception:
             Type = null

ModelAndView:
        View name = null
             View = null
            Model = null

FlashMap:
       Attributes = null

MockHttpServletResponse:
           Status = 403
    Error message = null
          Headers = [Content-Type:"application/json", X-Content-Type-Options:"nosniff", X-XSS-Protection:"1; mode=block", Cache-Control:"no-cache, no-store, max-age=0, must-revalidate", Pragma:"no-cache", Expires:"0", X-Frame-Options:"DENY"]
     Content type = application/json
             Body = {"message":"JWT strings must contain exactly 2 period characters. Found: 0"}
    Forwarded URL = null
   Redirected URL = null
          Cookies = []
]]></system-out>
  </testcase>
  <testcase name="get_addLang_withRoleUser_redirectsLogin" classname="architecture.integration.web.articles.ArticleControllerAddLangIntegrationTests" time="0.275"/>
  <testcase name="get_editExistingLang_withRoleAdmin_returnsCorrectView" classname="architecture.integration.web.articles.ArticleControllerAddLangIntegrationTests" time="2.722"/>
  <testcase name="get_addLang_withAnonymous_redirectsLogin" classname="architecture.integration.web.articles.ArticleControllerAddLangIntegrationTests" time="0.131"/>
  <testcase name="patch_editLang_withRoleAdmin_validModel_returnsCorrectView_andModifiesData" classname="architecture.integration.web.articles.ArticleControllerAddLangIntegrationTests" time="0.134">
    <failure message="Response status expected:&lt;202&gt; but was:&lt;403&gt;" type="java.lang.AssertionError"><![CDATA[java.lang.AssertionError: Response status expected:<202> but was:<403>
	at architecture.integration.web.articles.ArticleControllerAddLangIntegrationTests.patch_editLang_withRoleAdmin_validModel_returnsCorrectView_andModifiesData(ArticleControllerAddLangIntegrationTests.java:237)
]]></failure>
    <system-out><![CDATA[/fr/admin/articles/edit/


MockHttpServletRequest:
      HTTP Method = PATCH
      Request URI = /fr/admin/articles/edit/
       Parameters = {_csrf=[7da0cb24-0f41-4ea8-a86a-8057ad13f055]}
          Headers = [Content-Type:"application/json;charset=UTF-8", Cookie:"lang=fr", Accept-Language:"fr-fr"]
             Body = {"country":"FR","title":"Château de Veau","content":"Envié, jamais égalé!","id":16,"mainImage":"Vue perspective"}
    Session Attrs = {SPRING_SECURITY_CONTEXT=org.springframework.security.core.context.SecurityContextImpl@81c98b2: Authentication: org.springframework.security.authentication.UsernamePasswordAuthenticationToken@81c98b2: Principal: org.springframework.security.core.userdetails.User@36ebcb: Username: user; Password: [PROTECTED]; Enabled: true; AccountNonExpired: true; credentialsNonExpired: true; AccountNonLocked: true; Granted Authorities: ROLE_ADMIN; Credentials: [PROTECTED]; Authenticated: true; Details: null; Granted Authorities: ROLE_ADMIN}

Handler:
             Type = null

Async:
    Async started = false
     Async result = null

Resolved Exception:
             Type = null

ModelAndView:
        View name = null
             View = null
            Model = null

FlashMap:
       Attributes = null

MockHttpServletResponse:
           Status = 403
    Error message = null
          Headers = [Content-Type:"application/json", X-Content-Type-Options:"nosniff", X-XSS-Protection:"1; mode=block", Cache-Control:"no-cache, no-store, max-age=0, must-revalidate", Pragma:"no-cache", Expires:"0", X-Frame-Options:"DENY"]
     Content type = application/json
             Body = {"message":"JWT strings must contain exactly 2 period characters. Found: 0"}
    Forwarded URL = null
   Redirected URL = null
          Cookies = []
]]></system-out>
  </testcase>
  <testcase name="patch_editLang_withRoleAdmin_nonexistentArticle_returnsNotFound" classname="architecture.integration.web.articles.ArticleControllerAddLangIntegrationTests" time="0.566">
    <failure message="Response status expected:&lt;200&gt; but was:&lt;403&gt;" type="java.lang.AssertionError"><![CDATA[java.lang.AssertionError: Response status expected:<200> but was:<403>
	at architecture.integration.web.articles.ArticleControllerAddLangIntegrationTests.patch_editLang_withRoleAdmin_nonexistentArticle_returnsNotFound(ArticleControllerAddLangIntegrationTests.java:308)
]]></failure>
    <system-out><![CDATA[/fr/admin/articles/edit/


MockHttpServletRequest:
      HTTP Method = PATCH
      Request URI = /fr/admin/articles/edit/
       Parameters = {_csrf=[44ab7a27-69e2-4cf7-b9d5-108c30615691]}
          Headers = [Content-Type:"application/json;charset=UTF-8", Cookie:"lang=fr", Accept-Language:"fr-fr"]
             Body = {"country":"FR","title":"Château de Veau","content":"Envié, jamais égalé!","id":345,"mainImage":"Vue perspective"}
    Session Attrs = {SPRING_SECURITY_CONTEXT=org.springframework.security.core.context.SecurityContextImpl@81c98b2: Authentication: org.springframework.security.authentication.UsernamePasswordAuthenticationToken@81c98b2: Principal: org.springframework.security.core.userdetails.User@36ebcb: Username: user; Password: [PROTECTED]; Enabled: true; AccountNonExpired: true; credentialsNonExpired: true; AccountNonLocked: true; Granted Authorities: ROLE_ADMIN; Credentials: [PROTECTED]; Authenticated: true; Details: null; Granted Authorities: ROLE_ADMIN}

Handler:
             Type = null

Async:
    Async started = false
     Async result = null

Resolved Exception:
             Type = null

ModelAndView:
        View name = null
             View = null
            Model = null

FlashMap:
       Attributes = null

MockHttpServletResponse:
           Status = 403
    Error message = null
          Headers = [Content-Type:"application/json", X-Content-Type-Options:"nosniff", X-XSS-Protection:"1; mode=block", Cache-Control:"no-cache, no-store, max-age=0, must-revalidate", Pragma:"no-cache", Expires:"0", X-Frame-Options:"DENY"]
     Content type = application/json
             Body = {"message":"JWT strings must contain exactly 2 period characters. Found: 0"}
    Forwarded URL = null
   Redirected URL = null
          Cookies = []
]]></system-out>
  </testcase>
  <testcase name="get_editNonExistingArticle_withRoleAdmin_returnsNotFound" classname="architecture.integration.web.articles.ArticleControllerAddLangIntegrationTests" time="2.012"/>
  <testcase name="post_addLang_withRoleAdmin_validModelWithImageNull_redirectsEdit" classname="architecture.integration.web.articles.ArticleControllerAddLangIntegrationTests" time="0.529">
    <failure message="Range for response status value 403 expected:&lt;REDIRECTION&gt; but was:&lt;CLIENT_ERROR&gt;" type="java.lang.AssertionError"><![CDATA[java.lang.AssertionError: Range for response status value 403 expected:<REDIRECTION> but was:<CLIENT_ERROR>
	at architecture.integration.web.articles.ArticleControllerAddLangIntegrationTests.post_addLang_withRoleAdmin_validModelWithImageNull_redirectsEdit(ArticleControllerAddLangIntegrationTests.java:109)
]]></failure>
    <system-out><![CDATA[/fr/admin/articles/addLang/17


MockHttpServletRequest:
      HTTP Method = POST
      Request URI = /fr/admin/articles/addLang/17
       Parameters = {_csrf=[fb7b2a21-49cb-4242-81e4-34586ecbd32f]}
          Headers = [Cookie:"lang=fr", Accept-Language:"fr-fr"]
             Body = null
    Session Attrs = {org.springframework.web.servlet.support.SessionFlashMapManager.FLASH_MAPS=[FlashMap [attributes={articleBinding=architecture.domain.models.bindingModels.articles.ArticleLangBindingModel@acda180}, targetRequestPath=null, targetRequestParams={}]], SPRING_SECURITY_CONTEXT=org.springframework.security.core.context.SecurityContextImpl@81c98b2: Authentication: org.springframework.security.authentication.UsernamePasswordAuthenticationToken@81c98b2: Principal: org.springframework.security.core.userdetails.User@36ebcb: Username: user; Password: [PROTECTED]; Enabled: true; AccountNonExpired: true; credentialsNonExpired: true; AccountNonLocked: true; Granted Authorities: ROLE_ADMIN; Credentials: [PROTECTED]; Authenticated: true; Details: null; Granted Authorities: ROLE_ADMIN}

Handler:
             Type = null

Async:
    Async started = false
     Async result = null

Resolved Exception:
             Type = null

ModelAndView:
        View name = null
             View = null
            Model = null

FlashMap:
       Attributes = null

MockHttpServletResponse:
           Status = 403
    Error message = null
          Headers = [Content-Type:"application/json", X-Content-Type-Options:"nosniff", X-XSS-Protection:"1; mode=block", Cache-Control:"no-cache, no-store, max-age=0, must-revalidate", Pragma:"no-cache", Expires:"0", X-Frame-Options:"DENY"]
     Content type = application/json
             Body = {"message":"JWT strings must contain exactly 2 period characters. Found: 0"}
    Forwarded URL = null
   Redirected URL = null
          Cookies = []
]]></system-out>
  </testcase>
  <testcase name="patch_editLang_withRoleAdmin_invalidModel_returnsForm" classname="architecture.integration.web.articles.ArticleControllerAddLangIntegrationTests" time="0.213">
    <failure message="Response status expected:&lt;202&gt; but was:&lt;403&gt;" type="java.lang.AssertionError"><![CDATA[java.lang.AssertionError: Response status expected:<202> but was:<403>
	at architecture.integration.web.articles.ArticleControllerAddLangIntegrationTests.patch_editLang_withRoleAdmin_invalidModel_returnsForm(ArticleControllerAddLangIntegrationTests.java:288)
]]></failure>
    <system-out><![CDATA[/fr/admin/articles/edit/


MockHttpServletRequest:
      HTTP Method = PATCH
      Request URI = /fr/admin/articles/edit/
       Parameters = {_csrf=[7a58222e-654a-46c9-ae59-6c6244d6372c]}
          Headers = [Content-Type:"application/json;charset=UTF-8", Cookie:"lang=fr", Accept-Language:"fr-fr"]
             Body = {"country":null,"title":null,"content":null,"id":null,"mainImage":null}
    Session Attrs = {SPRING_SECURITY_CONTEXT=org.springframework.security.core.context.SecurityContextImpl@81c98b2: Authentication: org.springframework.security.authentication.UsernamePasswordAuthenticationToken@81c98b2: Principal: org.springframework.security.core.userdetails.User@36ebcb: Username: user; Password: [PROTECTED]; Enabled: true; AccountNonExpired: true; credentialsNonExpired: true; AccountNonLocked: true; Granted Authorities: ROLE_ADMIN; Credentials: [PROTECTED]; Authenticated: true; Details: null; Granted Authorities: ROLE_ADMIN}

Handler:
             Type = null

Async:
    Async started = false
     Async result = null

Resolved Exception:
             Type = null

ModelAndView:
        View name = null
             View = null
            Model = null

FlashMap:
       Attributes = null

MockHttpServletResponse:
           Status = 403
    Error message = null
          Headers = [Content-Type:"application/json", X-Content-Type-Options:"nosniff", X-XSS-Protection:"1; mode=block", Cache-Control:"no-cache, no-store, max-age=0, must-revalidate", Pragma:"no-cache", Expires:"0", X-Frame-Options:"DENY"]
     Content type = application/json
             Body = {"message":"JWT strings must contain exactly 2 period characters. Found: 0"}
    Forwarded URL = null
   Redirected URL = null
          Cookies = []
]]></system-out>
  </testcase>
  <testcase name="get_editLang_withAnonymous_redirectsLogin" classname="architecture.integration.web.articles.ArticleControllerAddLangIntegrationTests" time="0.173"/>
  <testcase name="patch_editLang_withAnonymous_redirectsLogin" classname="architecture.integration.web.articles.ArticleControllerAddLangIntegrationTests" time="0.11">
    <failure message="Response status expected:&lt;302&gt; but was:&lt;403&gt;" type="java.lang.AssertionError"><![CDATA[java.lang.AssertionError: Response status expected:<302> but was:<403>
	at architecture.integration.web.articles.ArticleControllerAddLangIntegrationTests.patch_editLang_withAnonymous_redirectsLogin(ArticleControllerAddLangIntegrationTests.java:257)
]]></failure>
    <system-out><![CDATA[/fr/admin/articles/edit/


MockHttpServletRequest:
      HTTP Method = PATCH
      Request URI = /fr/admin/articles/edit/
       Parameters = {_csrf=[e825be45-d5dd-4f60-8012-c8edc279cc84]}
          Headers = [Cookie:"lang=fr", Accept-Language:"fr-fr"]
             Body = null
    Session Attrs = {}

Handler:
             Type = null

Async:
    Async started = false
     Async result = null

Resolved Exception:
             Type = null

ModelAndView:
        View name = null
             View = null
            Model = null

FlashMap:
       Attributes = null

MockHttpServletResponse:
           Status = 403
    Error message = null
          Headers = [Content-Type:"application/json", X-Content-Type-Options:"nosniff", X-XSS-Protection:"1; mode=block", Cache-Control:"no-cache, no-store, max-age=0, must-revalidate", Pragma:"no-cache", Expires:"0", X-Frame-Options:"DENY"]
     Content type = application/json
             Body = {"message":"JWT strings must contain exactly 2 period characters. Found: 0"}
    Forwarded URL = null
   Redirected URL = null
          Cookies = []
]]></system-out>
  </testcase>
  <testcase name="get_editNonExistingLang_withRoleAdmin_returnsNotFound" classname="architecture.integration.web.articles.ArticleControllerAddLangIntegrationTests" time="0.769"/>
  <testcase name="get_addLang_withRoleAdmin_returnsCorrectView" classname="architecture.integration.web.articles.ArticleControllerAddLangIntegrationTests" time="0.766"/>
  <testcase name="post_addLang_withAnonymous_validModelWithImage_redirectsLogin" classname="architecture.integration.web.articles.ArticleControllerAddLangIntegrationTests" time="0.08">
    <failure message="Range for response status value 403 expected:&lt;REDIRECTION&gt; but was:&lt;CLIENT_ERROR&gt;" type="java.lang.AssertionError"><![CDATA[java.lang.AssertionError: Range for response status value 403 expected:<REDIRECTION> but was:<CLIENT_ERROR>
	at architecture.integration.web.articles.ArticleControllerAddLangIntegrationTests.post_addLang_withAnonymous_validModelWithImage_redirectsLogin(ArticleControllerAddLangIntegrationTests.java:124)
]]></failure>
    <system-out><![CDATA[/fr/admin/articles/addLang/21


MockHttpServletRequest:
      HTTP Method = POST
      Request URI = /fr/admin/articles/addLang/21
       Parameters = {_csrf=[9bff5ae7-c2ff-4f2e-b300-6c9a7d16242a]}
          Headers = [Cookie:"lang=fr", Accept-Language:"fr-fr"]
             Body = null
    Session Attrs = {org.springframework.web.servlet.support.SessionFlashMapManager.FLASH_MAPS=[FlashMap [attributes={articleBinding=architecture.domain.models.bindingModels.articles.ArticleLangBindingModel@7e7b3f8c}, targetRequestPath=null, targetRequestParams={}]]}

Handler:
             Type = null

Async:
    Async started = false
     Async result = null

Resolved Exception:
             Type = null

ModelAndView:
        View name = null
             View = null
            Model = null

FlashMap:
       Attributes = null

MockHttpServletResponse:
           Status = 403
    Error message = null
          Headers = [Content-Type:"application/json", X-Content-Type-Options:"nosniff", X-XSS-Protection:"1; mode=block", Cache-Control:"no-cache, no-store, max-age=0, must-revalidate", Pragma:"no-cache", Expires:"0", X-Frame-Options:"DENY"]
     Content type = application/json
             Body = {"message":"JWT strings must contain exactly 2 period characters. Found: 0"}
    Forwarded URL = null
   Redirected URL = null
          Cookies = []
]]></system-out>
  </testcase>
  <testcase name="patch_editLang_withRoleUser_redirectsUnauthorized" classname="architecture.integration.web.articles.ArticleControllerAddLangIntegrationTests" time="0.091">
    <failure message="Response status expected:&lt;302&gt; but was:&lt;403&gt;" type="java.lang.AssertionError"><![CDATA[java.lang.AssertionError: Response status expected:<302> but was:<403>
	at architecture.integration.web.articles.ArticleControllerAddLangIntegrationTests.patch_editLang_withRoleUser_redirectsUnauthorized(ArticleControllerAddLangIntegrationTests.java:272)
]]></failure>
    <system-out><![CDATA[/fr/admin/articles/edit/


MockHttpServletRequest:
      HTTP Method = PATCH
      Request URI = /fr/admin/articles/edit/
       Parameters = {_csrf=[40ce04df-b607-4b32-9d52-278d6707bada]}
          Headers = [Content-Type:"application/json;charset=UTF-8", Cookie:"lang=fr", Accept-Language:"fr-fr"]
             Body = {}
    Session Attrs = {SPRING_SECURITY_CONTEXT=org.springframework.security.core.context.SecurityContextImpl@ca25360: Authentication: org.springframework.security.authentication.UsernamePasswordAuthenticationToken@ca25360: Principal: org.springframework.security.core.userdetails.User@36ebcb: Username: user; Password: [PROTECTED]; Enabled: true; AccountNonExpired: true; credentialsNonExpired: true; AccountNonLocked: true; Granted Authorities: ROLE_USER; Credentials: [PROTECTED]; Authenticated: true; Details: null; Granted Authorities: ROLE_USER}

Handler:
             Type = null

Async:
    Async started = false
     Async result = null

Resolved Exception:
             Type = null

ModelAndView:
        View name = null
             View = null
            Model = null

FlashMap:
       Attributes = null

MockHttpServletResponse:
           Status = 403
    Error message = null
          Headers = [Content-Type:"application/json", X-Content-Type-Options:"nosniff", X-XSS-Protection:"1; mode=block", Cache-Control:"no-cache, no-store, max-age=0, must-revalidate", Pragma:"no-cache", Expires:"0", X-Frame-Options:"DENY"]
     Content type = application/json
             Body = {"message":"JWT strings must contain exactly 2 period characters. Found: 0"}
    Forwarded URL = null
   Redirected URL = null
          Cookies = []
]]></system-out>
  </testcase>
  <testcase name="post_addLang_withAdmin_nullModel_returnsForm" classname="architecture.integration.web.articles.ArticleControllerAddLangIntegrationTests" time="0.123">
    <failure message="Status expected:&lt;200&gt; but was:&lt;403&gt;" type="java.lang.AssertionError"><![CDATA[java.lang.AssertionError: Status expected:<200> but was:<403>
	at architecture.integration.web.articles.ArticleControllerAddLangIntegrationTests.post_addLang_withAdmin_nullModel_returnsForm(ArticleControllerAddLangIntegrationTests.java:153)
]]></failure>
    <system-out><![CDATA[/fr/admin/articles/addLang/22


MockHttpServletRequest:
      HTTP Method = POST
      Request URI = /fr/admin/articles/addLang/22
       Parameters = {_csrf=[e41bc571-54df-42a9-957c-814e49a71b87]}
          Headers = [Cookie:"lang=fr", Accept-Language:"fr-fr"]
             Body = null
    Session Attrs = {org.springframework.web.servlet.support.SessionFlashMapManager.FLASH_MAPS=[FlashMap [attributes={articleBinding=architecture.domain.models.bindingModels.articles.ArticleLangBindingModel@7b2e23e0}, targetRequestPath=null, targetRequestParams={}]], SPRING_SECURITY_CONTEXT=org.springframework.security.core.context.SecurityContextImpl@81c98b2: Authentication: org.springframework.security.authentication.UsernamePasswordAuthenticationToken@81c98b2: Principal: org.springframework.security.core.userdetails.User@36ebcb: Username: user; Password: [PROTECTED]; Enabled: true; AccountNonExpired: true; credentialsNonExpired: true; AccountNonLocked: true; Granted Authorities: ROLE_ADMIN; Credentials: [PROTECTED]; Authenticated: true; Details: null; Granted Authorities: ROLE_ADMIN}

Handler:
             Type = null

Async:
    Async started = false
     Async result = null

Resolved Exception:
             Type = null

ModelAndView:
        View name = null
             View = null
            Model = null

FlashMap:
       Attributes = null

MockHttpServletResponse:
           Status = 403
    Error message = null
          Headers = [Content-Type:"application/json", X-Content-Type-Options:"nosniff", X-XSS-Protection:"1; mode=block", Cache-Control:"no-cache, no-store, max-age=0, must-revalidate", Pragma:"no-cache", Expires:"0", X-Frame-Options:"DENY"]
     Content type = application/json
             Body = {"message":"JWT strings must contain exactly 2 period characters. Found: 0"}
    Forwarded URL = null
   Redirected URL = null
          Cookies = []
]]></system-out>
  </testcase>
</testsuite>